#
# A fatal error has been detected by the Java Runtime Environment:
#
#  SIGSEGV (0xb) at pc=0x000076d604cbc144, pid=10724, tid=10745
#
# JRE version: OpenJDK Runtime Environment (17.0.11) (build 17.0.11+0-17.0.11b1207.24-11852314)
# Java VM: OpenJDK 64-Bit Server VM (17.0.11+0-17.0.11b1207.24-11852314, mixed mode, tiered, compressed oops, compressed class ptrs, g1 gc, linux-amd64)
# Problematic frame:
# V  [libjvm.so+0xcbc144]  PhaseIdealLoop::build_loop_late(VectorSet&, Node_List&, Node_Stack&)+0x164
#
# Core dump will be written. Default location: Core dumps may be processed with "/usr/share/apport/apport -p%p -s%s -c%c -d%d -P%P -u%u -g%g -- %E" (or dumping to /home/jackaria/Northcoders/Projects/EventAppFrontend/core.10724)
#
# If you would like to submit a bug report, please visit:
#   https://bugreport.java.com/bugreport/crash.jsp
#

---------------  S U M M A R Y ------------

Command Line: --add-opens=java.base/java.util=ALL-UNNAMED --add-opens=java.base/java.lang=ALL-UNNAMED --add-opens=java.base/java.lang.invoke=ALL-UNNAMED --add-opens=java.prefs/java.util.prefs=ALL-UNNAMED --add-opens=java.base/java.nio.charset=ALL-UNNAMED --add-opens=java.base/java.net=ALL-UNNAMED --add-opens=java.base/java.util.concurrent.atomic=ALL-UNNAMED -Xmx2048m -Dfile.encoding=UTF-8 -Duser.country=GB -Duser.language=en -Duser.variant -javaagent:/home/jackaria/.gradle/wrapper/dists/gradle-8.7-bin/bhs2wmbdwecv87pi65oeuq5iu/gradle-8.7/lib/agents/gradle-instrumentation-agent-8.7.jar org.gradle.launcher.daemon.bootstrap.GradleDaemon 8.7

Host: Intel(R) Core(TM) i7-7700 CPU @ 3.60GHz, 8 cores, 15G, Ubuntu 24.04.1 LTS
Time: Tue Oct  1 10:04:48 2024 BST elapsed time: 1.646448 seconds (0d 0h 0m 1s)

---------------  T H R E A D  ---------------

Current thread (0x000076d5980d8610):  JavaThread "C2 CompilerThread1" daemon [_thread_in_native, id=10745, stack(0x000076d5e01ff000,0x000076d5e02ff000)]


Current CompileTask:
C2:   1646 2105       4       java.net.URLClassLoader$1::run (5 bytes)

Stack: [0x000076d5e01ff000,0x000076d5e02ff000],  sp=0x000076d5e02fa000,  free space=1004k
Native frames: (J=compiled Java code, j=interpreted, Vv=VM code, C=native code)
V  [libjvm.so+0xcbc144]  PhaseIdealLoop::build_loop_late(VectorSet&, Node_List&, Node_Stack&)+0x164
V  [libjvm.so+0xcbadce]  PhaseIdealLoop::build_and_optimize()+0x8ce
V  [libjvm.so+0x8280f5]  PhaseIdealLoop::optimize(PhaseIterGVN&, LoopOptsMode)+0x65
V  [libjvm.so+0x81d9da]  Compile::Optimize()+0x91a
V  [libjvm.so+0x81c31b]  Compile::Compile(ciEnv*, ciMethod*, int, bool, bool, bool, bool, bool, DirectiveSet*)+0xfeb
V  [libjvm.so+0x782930]  C2Compiler::compile_method(ciEnv*, ciMethod*, int, bool, DirectiveSet*)+0xe0
V  [libjvm.so+0x82d789]  CompileBroker::invoke_compiler_on_method(CompileTask*)+0x6f9
V  [libjvm.so+0x82cf2a]  CompileBroker::compiler_thread_loop()+0x5fa
V  [libjvm.so+0xfec8df]  JavaThread::thread_main_inner()+0x14f
V  [libjvm.so+0xfeb037]  Thread::call_run()+0xa7
V  [libjvm.so+0xdee9aa]  thread_native_entry(Thread*)+0x11a
C  [libc.so.6+0x9ca94]


siginfo: si_signo: 11 (SIGSEGV), si_code: 1 (SEGV_MAPERR), si_addr: 0x0000000000000000

Registers:
RAX=0x0000000000000000, RBX=0x000076d578138898, RCX=0x00000000ffffffff, RDX=0x000076d59c6288c0
RSP=0x000076d5e02fa000, RBP=0x000076d5e02fa060, RSI=0x00000000fbffffff, RDI=0x000076d578139370
R8 =0x0000000000000000, R9 =0x000076d5785861b0, R10=0x000076d57842b848, R11=0x0000000000000003
R12=0x000076d5e02fa390, R13=0x0000000000000085, R14=0x0000000000000006, R15=0x0000000000000000
RIP=0x000076d604cbc144, EFLAGS=0x0000000000010202, CSGSFS=0x002b000000000033, ERR=0x0000000000000004
  TRAPNO=0x000000000000000e


Register to memory mapping:

RAX=0x0 is NULL
RBX=0x000076d578138898 points into unknown readable memory: 0x0000000000000000 | 00 00 00 00 00 00 00 00
RCX=0x00000000ffffffff is an unallocated location in the heap
RDX=0x000076d59c6288c0 points into unknown readable memory: 0xffffffffffffffff | ff ff ff ff ff ff ff ff
RSP=0x000076d5e02fa000 is pointing into the stack for thread: 0x000076d5980d8610
RBP=0x000076d5e02fa060 is pointing into the stack for thread: 0x000076d5980d8610
RSI=0x00000000fbffffff is an unallocated location in the heap
RDI=0x000076d578139370 points into unknown readable memory: 0x000076d60516a3e0 | e0 a3 16 05 d6 76 00 00
R8 =0x0 is NULL
R9 =0x000076d5785861b0 points into unknown readable memory: 0x000076d57804d670 | 70 d6 04 78 d5 76 00 00
R10=0x000076d57842b848 points into unknown readable memory: 0x000076d578d0cbd0 | d0 cb d0 78 d5 76 00 00
R11=0x0000000000000003 is an unknown value
R12=0x000076d5e02fa390 is pointing into the stack for thread: 0x000076d5980d8610
R13=0x0000000000000085 is an unknown value
R14=0x0000000000000006 is an unknown value
R15=0x0 is NULL


Top of Stack: (sp=0x000076d5e02fa000)
0x000076d5e02fa000:   0000000000010000 000076d5e02fad48
0x000076d5e02fa010:   000076d5e02fa2d0 000076d5e02fa328
0x000076d5e02fa020:   000076d53029b908 000076d5e02fa2f8
0x000076d5e02fa030:   000001a600001fb5 000076d5e02fa390
0x000076d5e02fa040:   0000000000000002 0000000000000005
0x000076d5e02fa050:   0000000000000001 000076d578001490
0x000076d5e02fa060:   000076d5e02fa380 000076d604cbadce
0x000076d5e02fa070:   000076d5e02fa0d0 000076d5980c0050
0x000076d5e02fa080:   000076d500000004 000076d5fc2550f0
0x000076d5e02fa090:   0000000100000000 0000000000000000
0x000076d5e02fa0a0:   0000000100052a18 0000000100081701
0x000076d5e02fa0b0:   000076d5e02fa0f0 000076d604e6402d
0x000076d5e02fa0c0:   00000001e80dca28 000076d5980d8610
0x000076d5e02fa0d0:   000076d5e02fa320 0000000100052a18
0x000076d5e02fa0e0:   0000000100081770 0000000000000000
0x000076d5e02fa0f0:   000076d5e02fa320 000076d5980c0050
0x000076d5e02fa100:   000076d5e02fa488 000076d578065660
0x000076d5e02fa110:   000076d5e02fa220 000076d604c7d408
0x000076d5e02fa120:   000076d5e02fa1b0 000076d6054ac4ce
0x000076d5e02fa130:   0000000100081770 0000000100052a18
0x000076d5e02fa140:   000076d5e02fa180 000076d604e6397e
0x000076d5e02fa150:   000076d600000079 0000000000001000
0x000076d5e02fa160:   000076d578000090 0000000000003b80
0x000076d5e02fa170:   000076d5980d8610 477751adf312cd00
0x000076d5e02fa180:   000076d5e02fa200 0000000000010010
0x000076d5e02fa190:   000076d578000030 ffffffffffffffc0
0x000076d5e02fa1a0:   0000000000010010 000000000000000d
0x000076d5e02fa1b0:   000076d5e02fa1f0 000076d6054ad6e4
0x000076d5e02fa1c0:   00000000000302e8 000076d5c85eb778
0x000076d5e02fa1d0:   000076d5e80ae390 000076d5e02fa238
0x000076d5e02fa1e0:   000076d6052036c8 000076d59c272560
0x000076d5e02fa1f0:   000076d5e02fa220 000076d604dea7c8 

Instructions: (pc=0x000076d604cbc144)
0x000076d604cbc044:   00 48 8b 55 b8 48 8b 4a 10 ff c8 89 42 18 48 8b
0x000076d604cbc054:   04 c1 48 89 45 c0 44 8b 70 28 44 89 f3 c1 eb 05
0x000076d604cbc064:   48 8b 7d c8 3b 1f 72 b4 89 de e8 6d f6 37 00 48
0x000076d604cbc074:   8b 7d c8 eb a7 0f 1f 80 00 00 00 00 48 8b 45 c0
0x000076d604cbc084:   8b 40 20 89 45 d4 31 c0 eb 1c 66 90 49 ff c5 48
0x000076d604cbc094:   8b 4d c0 48 89 08 44 89 68 08 8b 43 20 89 45 d4
0x000076d604cbc0a4:   31 c0 48 89 5d c0 41 89 c5 eb 21 90 48 8b 47 08
0x000076d604cbc0b4:   44 89 f1 8b 14 88 89 d6 44 0f ab fe 89 34 88 44
0x000076d604cbc0c4:   0f a3 fa 0f 83 73 01 00 00 49 ff c5 44 3b 6d d4
0x000076d604cbc0d4:   0f 83 06 01 00 00 48 8b 45 c0 48 8b 40 10 4a 8b
0x000076d604cbc0e4:   1c e8 44 8b 7b 28 45 39 7c 24 28 76 0c 49 8b 44
0x000076d604cbc0f4:   24 30 4a 83 3c f8 00 75 43 48 83 7b 10 00 74 3c
0x000076d604cbc104:   41 8b 84 24 c0 09 00 00 45 8b b4 24 d0 09 00 00
0x000076d604cbc114:   41 8d 4e 01 41 89 8c 24 d0 09 00 00 44 39 f0 77
0x000076d604cbc124:   0c 48 8b 7d a8 44 89 f6 e8 ff be 10 00 49 8b 84
0x000076d604cbc134:   24 c8 09 00 00 eb 72 0f 1f 44 00 00 48 8b 43 08
0x000076d604cbc144:   48 83 38 00 74 70 48 8b 03 48 89 df ff 50 10 84
0x000076d604cbc154:   c0 75 0b 8b 43 2c 83 e0 0f 83 f8 0c 75 54 8b 43
0x000076d604cbc164:   28 89 c1 c1 e9 05 48 8b 55 c8 3b 0a 73 14 48 8b
0x000076d604cbc174:   55 c8 48 8b 52 08 8b 0c 8a 0f a3 c1 0f 82 47 ff
0x000076d604cbc184:   ff ff 48 8b 7d b8 8b 47 08 44 8b 77 18 41 8d 4e
0x000076d604cbc194:   01 89 4f 18 44 39 f0 77 0c 44 89 f6 e8 8b be 10
0x000076d604cbc1a4:   00 48 8b 7d b8 48 8b 47 10 4a 89 1c f0 e9 17 ff
0x000076d604cbc1b4:   ff ff 44 8b 7b 28 45 89 fe 41 c1 ee 05 48 8b 7d
0x000076d604cbc1c4:   c8 44 3b 37 0f 82 e2 fe ff ff 44 89 f6 e8 0a f5
0x000076d604cbc1d4:   37 00 48 8b 7d c8 e9 d1 fe ff ff 90 4c 89 e7 48
0x000076d604cbc1e4:   8b 75 c0 ba 01 00 00 00 e8 3f 33 00 00 49 8b 44
0x000076d604cbc1f4:   24 10 48 8b 88 70 01 00 00 48 83 79 58 00 4c 8b
0x000076d604cbc204:   7d b0 75 64 48 83 b8 88 01 00 00 00 75 5a 49 8b
0x000076d604cbc214:   0f 49 3b 4f 10 0f 82 17 fe ff ff 48 8b 01 48 89
0x000076d604cbc224:   45 c0 8b 40 20 89 45 d4 8b 41 08 48 83 c1 f0 49
0x000076d604cbc234:   89 0f e9 6f fe ff ff 0f 1f 44 00 00 48 8b 4d b0 


Stack slot to memory mapping:
stack at sp + 0 slots: 0x0000000000010000 is an unknown value
stack at sp + 1 slots: 0x000076d5e02fad48 is pointing into the stack for thread: 0x000076d5980d8610
stack at sp + 2 slots: 0x000076d5e02fa2d0 is pointing into the stack for thread: 0x000076d5980d8610
stack at sp + 3 slots: 0x000076d5e02fa328 is pointing into the stack for thread: 0x000076d5980d8610
stack at sp + 4 slots: 0x000076d53029b908 points into unknown readable memory: 0x000076d605176e78 | 78 6e 17 05 d6 76 00 00
stack at sp + 5 slots: 0x000076d5e02fa2f8 is pointing into the stack for thread: 0x000076d5980d8610
stack at sp + 6 slots: 0x000001a600001fb5 is an unknown value
stack at sp + 7 slots: 0x000076d5e02fa390 is pointing into the stack for thread: 0x000076d5980d8610


---------------  P R O C E S S  ---------------

Threads class SMR info:
_java_thread_list=0x000076d5301bb140, length=25, elements={
0x000076d5fc028920, 0x000076d5fc1f8220, 0x000076d5fc1f9880, 0x000076d5fc229d90,
0x000076d5fc22b150, 0x000076d5fc22c570, 0x000076d5fc21f370, 0x000076d5fc220860,
0x000076d5fc221ce0, 0x000076d5fc2c7000, 0x000076d5fc388bc0, 0x000076d5980d8610,
0x000076d5fd5f8580, 0x000076d5fd668b00, 0x000076d5fd6acb70, 0x000076d550017370,
0x000076d5440015d0, 0x000076d544006400, 0x000076d544008050, 0x000076d5300041c0,
0x000076d53000da90, 0x000076d530010a20, 0x000076d530194ec0, 0x000076d53019ec70,
0x000076d5301ba9b0
}

Java Threads: ( => current thread )
  0x000076d5fc028920 JavaThread "main" [_thread_blocked, id=10727, stack(0x000076d603f00000,0x000076d604000000)]
  0x000076d5fc1f8220 JavaThread "Reference Handler" daemon [_thread_blocked, id=10734, stack(0x000076d5e12db000,0x000076d5e13db000)]
  0x000076d5fc1f9880 JavaThread "Finalizer" daemon [_thread_blocked, id=10735, stack(0x000076d5e11db000,0x000076d5e12db000)]
  0x000076d5fc229d90 JavaThread "Signal Dispatcher" daemon [_thread_blocked, id=10736, stack(0x000076d5e0b00000,0x000076d5e0c00000)]
  0x000076d5fc22b150 JavaThread "Service Thread" daemon [_thread_blocked, id=10737, stack(0x000076d5e0a00000,0x000076d5e0b00000)]
  0x000076d5fc22c570 JavaThread "Monitor Deflation Thread" daemon [_thread_blocked, id=10738, stack(0x000076d5e0900000,0x000076d5e0a00000)]
  0x000076d5fc21f370 JavaThread "C2 CompilerThread0" daemon [_thread_in_native, id=10739, stack(0x000076d5e0800000,0x000076d5e0900000)]
  0x000076d5fc220860 JavaThread "C1 CompilerThread0" daemon [_thread_blocked, id=10740, stack(0x000076d5e0700000,0x000076d5e0800000)]
  0x000076d5fc221ce0 JavaThread "Sweeper thread" daemon [_thread_blocked, id=10741, stack(0x000076d5e0600000,0x000076d5e0700000)]
  0x000076d5fc2c7000 JavaThread "Common-Cleaner" daemon [_thread_blocked, id=10742, stack(0x000076d5e0500000,0x000076d5e0600000)]
  0x000076d5fc388bc0 JavaThread "Notification Thread" daemon [_thread_blocked, id=10743, stack(0x000076d5e0400000,0x000076d5e0500000)]
=>0x000076d5980d8610 JavaThread "C2 CompilerThread1" daemon [_thread_in_native, id=10745, stack(0x000076d5e01ff000,0x000076d5e02ff000)]
  0x000076d5fd5f8580 JavaThread "Daemon health stats" [_thread_blocked, id=10751, stack(0x000076d5d77ff000,0x000076d5d78ff000)]
  0x000076d5fd668b00 JavaThread "Incoming local TCP Connector on port 44115" [_thread_in_native, id=10753, stack(0x000076d5d76ff000,0x000076d5d77ff000)]
  0x000076d5fd6acb70 JavaThread "Daemon periodic checks" [_thread_blocked, id=10755, stack(0x000076d5d7300000,0x000076d5d7400000)]
  0x000076d550017370 JavaThread "Daemon" [_thread_blocked, id=10756, stack(0x000076d5d6f00000,0x000076d5d7000000)]
  0x000076d5440015d0 JavaThread "Handler for socket connection from /127.0.0.1:44115 to /127.0.0.1:59366" [_thread_in_native, id=10757, stack(0x000076d5d6e00000,0x000076d5d6f00000)]
  0x000076d544006400 JavaThread "Cancel handler" [_thread_blocked, id=10758, stack(0x000076d5d6d00000,0x000076d5d6e00000)]
  0x000076d544008050 JavaThread "Daemon worker" [_thread_in_Java, id=10759, stack(0x000076d5d6c00000,0x000076d5d6d00000)]
  0x000076d5300041c0 JavaThread "Asynchronous log dispatcher for DefaultDaemonConnection: socket connection from /127.0.0.1:44115 to /127.0.0.1:59366" [_thread_blocked, id=10762, stack(0x000076d5d6b00000,0x000076d5d6c00000)]
  0x000076d53000da90 JavaThread "Stdin handler" [_thread_blocked, id=10763, stack(0x000076d5d6a00000,0x000076d5d6b00000)]
  0x000076d530010a20 JavaThread "Daemon client event forwarder" [_thread_blocked, id=10764, stack(0x000076d5d6900000,0x000076d5d6a00000)]
  0x000076d530194ec0 JavaThread "Cache worker for journal cache (/home/jackaria/.gradle/caches/journal-1)" [_thread_blocked, id=10768, stack(0x000076d5d64fd000,0x000076d5d65fd000)]
  0x000076d53019ec70 JavaThread "File lock request listener" [_thread_in_native, id=10769, stack(0x000076d5d63fd000,0x000076d5d64fd000)]
  0x000076d5301ba9b0 JavaThread "Cache worker for file hash cache (/home/jackaria/.gradle/caches/8.7/fileHashes)" [_thread_blocked, id=10770, stack(0x000076d5d5f37000,0x000076d5d6037000)]

Other Threads:
  0x000076d5fc1e8590 VMThread "VM Thread" [stack: 0x000076d5e13dc000,0x000076d5e14dc000] [id=10733]
  0x000076d5fc1a86b0 WatcherThread [stack: 0x000076d5e0300000,0x000076d5e0400000] [id=10744]
  0x000076d5fc084e20 GCTaskThread "GC Thread#0" [stack: 0x000076d5e8300000,0x000076d5e8400000] [id=10728]
  0x000076d5c0005ee0 GCTaskThread "GC Thread#1" [stack: 0x000076d5e00ff000,0x000076d5e01ff000] [id=10746]
  0x000076d5c0006910 GCTaskThread "GC Thread#2" [stack: 0x000076d5d7f00000,0x000076d5d8000000] [id=10747]
  0x000076d5c0007340 GCTaskThread "GC Thread#3" [stack: 0x000076d5d7dff000,0x000076d5d7eff000] [id=10748]
  0x000076d5c0007d70 GCTaskThread "GC Thread#4" [stack: 0x000076d5d7cfe000,0x000076d5d7dfe000] [id=10749]
  0x000076d5c00087a0 GCTaskThread "GC Thread#5" [stack: 0x000076d5d7900000,0x000076d5d7a00000] [id=10750]
  0x000076d5c000d640 GCTaskThread "GC Thread#6" [stack: 0x000076d5d6800000,0x000076d5d6900000] [id=10765]
  0x000076d5c000de30 GCTaskThread "GC Thread#7" [stack: 0x000076d5d66ff000,0x000076d5d67ff000] [id=10766]
  0x000076d5fc0963b0 ConcurrentGCThread "G1 Main Marker" [stack: 0x000076d5e81ff000,0x000076d5e82ff000] [id=10729]
  0x000076d5fc097320 ConcurrentGCThread "G1 Conc#0" [stack: 0x000076d5e80fe000,0x000076d5e81fe000] [id=10730]
  0x000076d5dc000eb0 ConcurrentGCThread "G1 Conc#1" [stack: 0x000076d5d65fe000,0x000076d5d66fe000] [id=10767]
  0x000076d5fc161720 ConcurrentGCThread "G1 Refine#0" [stack: 0x000076d5e16f8000,0x000076d5e17f8000] [id=10731]
  0x000076d5fc162620 ConcurrentGCThread "G1 Service" [stack: 0x000076d5e15f7000,0x000076d5e16f7000] [id=10732]

Threads with active compile tasks:
C2 CompilerThread0     1652 2066   !   4       java.lang.ClassLoader::loadClass (121 bytes)
C2 CompilerThread1     1652 2105       4       java.net.URLClassLoader$1::run (5 bytes)

VM state: not at safepoint (normal execution)

VM Mutex/Monitor currently owned by a thread: None

Heap address: 0x0000000080000000, size: 2048 MB, Compressed Oops mode: 32-bit

CDS archive(s) not mapped
Compressed class space mapped at: 0x0000000100000000-0x0000000140000000, reserved size: 1073741824
Narrow klass base: 0x0000000000000000, Narrow klass shift: 3, Narrow klass range: 0x140000000

GC Precious Log:
 CPUs: 8 total, 8 available
 Memory: 15925M
 Large Page Support: Disabled
 NUMA Support: Disabled
 Compressed Oops: Enabled (32-bit)
 Heap Region Size: 1M
 Heap Min Capacity: 8M
 Heap Initial Capacity: 250M
 Heap Max Capacity: 2G
 Pre-touch: Disabled
 Parallel Workers: 8
 Concurrent Workers: 2
 Concurrent Refinement Workers: 8
 Periodic GC: Disabled

Heap:
 garbage-first heap   total 68608K, used 49522K [0x0000000080000000, 0x0000000100000000)
  region size 1024K, 40 young (40960K), 8 survivors (8192K)
 Metaspace       used 26391K, committed 26688K, reserved 1114112K
  class space    used 3401K, committed 3520K, reserved 1048576K

Heap Regions: E=young(eden), S=young(survivor), O=old, HS=humongous(starts), HC=humongous(continues), CS=collection set, F=free, OA=open archive, CA=closed archive, TAMS=top-at-mark-start (previous, next)
|   0|0x0000000080000000, 0x0000000080100000, 0x0000000080100000|100%|HS|  |TAMS 0x0000000080100000, 0x0000000080000000| Complete 
|   1|0x0000000080100000, 0x0000000080200000, 0x0000000080200000|100%|HC|  |TAMS 0x0000000080200000, 0x0000000080100000| Complete 
|   2|0x0000000080200000, 0x0000000080300000, 0x0000000080300000|100%|HC|  |TAMS 0x0000000080300000, 0x0000000080200000| Complete 
|   3|0x0000000080300000, 0x0000000080400000, 0x0000000080400000|100%|HC|  |TAMS 0x0000000080400000, 0x0000000080300000| Complete 
|   4|0x0000000080400000, 0x0000000080500000, 0x0000000080500000|100%| O|  |TAMS 0x0000000080500000, 0x0000000080400000| Untracked 
|   5|0x0000000080500000, 0x0000000080600000, 0x0000000080600000|100%| O|  |TAMS 0x0000000080600000, 0x0000000080500000| Untracked 
|   6|0x0000000080600000, 0x0000000080700000, 0x0000000080700000|100%| O|  |TAMS 0x0000000080700000, 0x0000000080600000| Untracked 
|   7|0x0000000080700000, 0x0000000080800000, 0x0000000080800000|100%| O|  |TAMS 0x0000000080800000, 0x0000000080700000| Untracked 
|   8|0x0000000080800000, 0x0000000080800000, 0x0000000080900000|  0%| F|  |TAMS 0x0000000080800000, 0x0000000080800000| Untracked 
|   9|0x0000000080900000, 0x0000000080a00000, 0x0000000080a00000|100%| O|  |TAMS 0x0000000080a00000, 0x0000000080900000| Untracked 
|  10|0x0000000080a00000, 0x0000000080b00000, 0x0000000080b00000|100%| O|  |TAMS 0x0000000080b00000, 0x0000000080a00000| Untracked 
|  11|0x0000000080b00000, 0x0000000080b6ae00, 0x0000000080c00000| 41%| O|  |TAMS 0x0000000080b6ae00, 0x0000000080b00000| Untracked 
|  12|0x0000000080c00000, 0x0000000080c00000, 0x0000000080d00000|  0%| F|  |TAMS 0x0000000080c00000, 0x0000000080c00000| Untracked 
|  13|0x0000000080d00000, 0x0000000080d00000, 0x0000000080e00000|  0%| F|  |TAMS 0x0000000080d00000, 0x0000000080d00000| Untracked 
|  14|0x0000000080e00000, 0x0000000080e00000, 0x0000000080f00000|  0%| F|  |TAMS 0x0000000080e00000, 0x0000000080e00000| Untracked 
|  15|0x0000000080f00000, 0x0000000080f00000, 0x0000000081000000|  0%| F|  |TAMS 0x0000000080f00000, 0x0000000080f00000| Untracked 
|  16|0x0000000081000000, 0x0000000081000000, 0x0000000081100000|  0%| F|  |TAMS 0x0000000081000000, 0x0000000081000000| Untracked 
|  17|0x0000000081100000, 0x0000000081100000, 0x0000000081200000|  0%| F|  |TAMS 0x0000000081100000, 0x0000000081100000| Untracked 
|  18|0x0000000081200000, 0x0000000081200000, 0x0000000081300000|  0%| F|  |TAMS 0x0000000081200000, 0x0000000081200000| Untracked 
|  19|0x0000000081300000, 0x0000000081300000, 0x0000000081400000|  0%| F|  |TAMS 0x0000000081300000, 0x0000000081300000| Untracked 
|  20|0x0000000081400000, 0x0000000081400000, 0x0000000081500000|  0%| F|  |TAMS 0x0000000081400000, 0x0000000081400000| Untracked 
|  21|0x0000000081500000, 0x0000000081500000, 0x0000000081600000|  0%| F|  |TAMS 0x0000000081500000, 0x0000000081500000| Untracked 
|  22|0x0000000081600000, 0x0000000081600000, 0x0000000081700000|  0%| F|  |TAMS 0x0000000081600000, 0x0000000081600000| Untracked 
|  23|0x0000000081700000, 0x0000000081700000, 0x0000000081800000|  0%| F|  |TAMS 0x0000000081700000, 0x0000000081700000| Untracked 
|  24|0x0000000081800000, 0x0000000081800000, 0x0000000081900000|  0%| F|  |TAMS 0x0000000081800000, 0x0000000081800000| Untracked 
|  25|0x0000000081900000, 0x0000000081900000, 0x0000000081a00000|  0%| F|  |TAMS 0x0000000081900000, 0x0000000081900000| Untracked 
|  26|0x0000000081a00000, 0x0000000081a00000, 0x0000000081b00000|  0%| F|  |TAMS 0x0000000081a00000, 0x0000000081a00000| Untracked 
|  27|0x0000000081b00000, 0x0000000081c00000, 0x0000000081c00000|100%| E|  |TAMS 0x0000000081b00000, 0x0000000081b00000| Complete 
|  28|0x0000000081c00000, 0x0000000081d00000, 0x0000000081d00000|100%| E|CS|TAMS 0x0000000081c00000, 0x0000000081c00000| Complete 
|  29|0x0000000081d00000, 0x0000000081e00000, 0x0000000081e00000|100%| E|CS|TAMS 0x0000000081d00000, 0x0000000081d00000| Complete 
|  30|0x0000000081e00000, 0x0000000081f00000, 0x0000000081f00000|100%| E|CS|TAMS 0x0000000081e00000, 0x0000000081e00000| Complete 
|  31|0x0000000081f00000, 0x0000000082000000, 0x0000000082000000|100%| E|CS|TAMS 0x0000000081f00000, 0x0000000081f00000| Complete 
|  32|0x0000000082000000, 0x0000000082100000, 0x0000000082100000|100%| E|CS|TAMS 0x0000000082000000, 0x0000000082000000| Complete 
|  33|0x0000000082100000, 0x0000000082200000, 0x0000000082200000|100%| E|CS|TAMS 0x0000000082100000, 0x0000000082100000| Complete 
|  34|0x0000000082200000, 0x0000000082300000, 0x0000000082300000|100%| E|CS|TAMS 0x0000000082200000, 0x0000000082200000| Complete 
|  35|0x0000000082300000, 0x0000000082400000, 0x0000000082400000|100%| E|CS|TAMS 0x0000000082300000, 0x0000000082300000| Complete 
|  36|0x0000000082400000, 0x0000000082500000, 0x0000000082500000|100%| E|CS|TAMS 0x0000000082400000, 0x0000000082400000| Complete 
|  37|0x0000000082500000, 0x0000000082600000, 0x0000000082600000|100%| E|CS|TAMS 0x0000000082500000, 0x0000000082500000| Complete 
|  38|0x0000000082600000, 0x0000000082700000, 0x0000000082700000|100%| E|CS|TAMS 0x0000000082600000, 0x0000000082600000| Complete 
|  39|0x0000000082700000, 0x0000000082800000, 0x0000000082800000|100%| E|CS|TAMS 0x0000000082700000, 0x0000000082700000| Complete 
|  40|0x0000000082800000, 0x0000000082900000, 0x0000000082900000|100%| E|CS|TAMS 0x0000000082800000, 0x0000000082800000| Complete 
|  41|0x0000000082900000, 0x0000000082a00000, 0x0000000082a00000|100%| E|CS|TAMS 0x0000000082900000, 0x0000000082900000| Complete 
|  42|0x0000000082a00000, 0x0000000082b00000, 0x0000000082b00000|100%| E|CS|TAMS 0x0000000082a00000, 0x0000000082a00000| Complete 
|  43|0x0000000082b00000, 0x0000000082bffe60, 0x0000000082c00000| 99%| E|  |TAMS 0x0000000082b00000, 0x0000000082b00000| Complete 
|  44|0x0000000082c00000, 0x0000000082d00000, 0x0000000082d00000|100%| E|CS|TAMS 0x0000000082c00000, 0x0000000082c00000| Complete 
|  45|0x0000000082d00000, 0x0000000082e00000, 0x0000000082e00000|100%| E|CS|TAMS 0x0000000082d00000, 0x0000000082d00000| Complete 
|  46|0x0000000082e00000, 0x0000000082f00000, 0x0000000082f00000|100%| E|CS|TAMS 0x0000000082e00000, 0x0000000082e00000| Complete 
|  47|0x0000000082f00000, 0x0000000083000000, 0x0000000083000000|100%| E|CS|TAMS 0x0000000082f00000, 0x0000000082f00000| Complete 
|  48|0x0000000083000000, 0x0000000083100000, 0x0000000083100000|100%| E|CS|TAMS 0x0000000083000000, 0x0000000083000000| Complete 
|  49|0x0000000083100000, 0x0000000083200000, 0x0000000083200000|100%| E|CS|TAMS 0x0000000083100000, 0x0000000083100000| Complete 
|  50|0x0000000083200000, 0x0000000083300000, 0x0000000083300000|100%| E|CS|TAMS 0x0000000083200000, 0x0000000083200000| Complete 
|  51|0x0000000083300000, 0x0000000083400000, 0x0000000083400000|100%| E|CS|TAMS 0x0000000083300000, 0x0000000083300000| Complete 
|  52|0x0000000083400000, 0x0000000083500000, 0x0000000083500000|100%| E|CS|TAMS 0x0000000083400000, 0x0000000083400000| Complete 
|  53|0x0000000083500000, 0x0000000083600000, 0x0000000083600000|100%| E|CS|TAMS 0x0000000083500000, 0x0000000083500000| Complete 
|  54|0x0000000083600000, 0x0000000083700000, 0x0000000083700000|100%| E|CS|TAMS 0x0000000083600000, 0x0000000083600000| Complete 
|  55|0x0000000083700000, 0x0000000083800000, 0x0000000083800000|100%| E|CS|TAMS 0x0000000083700000, 0x0000000083700000| Complete 
|  56|0x0000000083800000, 0x0000000083900000, 0x0000000083900000|100%| E|CS|TAMS 0x0000000083800000, 0x0000000083800000| Complete 
|  57|0x0000000083900000, 0x0000000083a00000, 0x0000000083a00000|100%| E|CS|TAMS 0x0000000083900000, 0x0000000083900000| Complete 
| 202|0x000000008ca00000, 0x000000008caf1a90, 0x000000008cb00000| 94%| S|CS|TAMS 0x000000008ca00000, 0x000000008ca00000| Complete 
| 203|0x000000008cb00000, 0x000000008cc00000, 0x000000008cc00000|100%| S|CS|TAMS 0x000000008cb00000, 0x000000008cb00000| Complete 
| 204|0x000000008cc00000, 0x000000008cd00000, 0x000000008cd00000|100%| S|CS|TAMS 0x000000008cc00000, 0x000000008cc00000| Complete 
| 205|0x000000008cd00000, 0x000000008ce00000, 0x000000008ce00000|100%| S|CS|TAMS 0x000000008cd00000, 0x000000008cd00000| Complete 
| 206|0x000000008ce00000, 0x000000008cf00000, 0x000000008cf00000|100%| S|CS|TAMS 0x000000008ce00000, 0x000000008ce00000| Complete 
| 207|0x000000008cf00000, 0x000000008d000000, 0x000000008d000000|100%| S|CS|TAMS 0x000000008cf00000, 0x000000008cf00000| Complete 
| 208|0x000000008d000000, 0x000000008d100000, 0x000000008d100000|100%| S|CS|TAMS 0x000000008d000000, 0x000000008d000000| Complete 
| 209|0x000000008d100000, 0x000000008d200000, 0x000000008d200000|100%| S|CS|TAMS 0x000000008d100000, 0x000000008d100000| Complete 
| 249|0x000000008f900000, 0x000000008fa00000, 0x000000008fa00000|100%| E|CS|TAMS 0x000000008f900000, 0x000000008f900000| Complete 

Card table byte_map: [0x000076d5ec800000,0x000076d5ecc00000] _byte_map_base: 0x000076d5ec400000

Marking Bits (Prev, Next): (CMBitMap*) 0x000076d5fc0858f0, (CMBitMap*) 0x000076d5fc0858b0
 Prev Bits: [0x000076d5e8400000, 0x000076d5ea400000)
 Next Bits: [0x000076d5ea400000, 0x000076d5ec400000)

Polling page: 0x000076d6056c2000

Metaspace:

Usage:
  Non-class:     22.46 MB used.
      Class:      3.33 MB used.
       Both:     25.79 MB used.

Virtual space:
  Non-class space:       64.00 MB reserved,      22.62 MB ( 35%) committed,  1 nodes.
      Class space:        1.00 GB reserved,       3.44 MB ( <1%) committed,  1 nodes.
             Both:        1.06 GB reserved,      26.06 MB (  2%) committed. 

Chunk freelists:
   Non-Class:  9.36 MB
       Class:  12.44 MB
        Both:  21.80 MB

MaxMetaspaceSize: unlimited
CompressedClassSpaceSize: 1.00 GB
Initial GC threshold: 21.00 MB
Current GC threshold: 35.31 MB
CDS: off
MetaspaceReclaimPolicy: balanced
 - commit_granule_bytes: 65536.
 - commit_granule_words: 8192.
 - virtual_space_node_default_size: 8388608.
 - enlarge_chunks_in_place: 1.
 - new_chunks_are_fully_committed: 0.
 - uncommit_free_chunks: 1.
 - use_allocation_guard: 0.
 - handle_deallocations: 1.


Internal statistics:

num_allocs_failed_limit: 3.
num_arena_births: 224.
num_arena_deaths: 0.
num_vsnodes_births: 2.
num_vsnodes_deaths: 0.
num_space_committed: 417.
num_space_uncommitted: 0.
num_chunks_returned_to_freelist: 3.
num_chunks_taken_from_freelist: 823.
num_chunk_merges: 3.
num_chunk_splits: 528.
num_chunks_enlarged: 371.
num_inconsistent_stats: 0.

CodeHeap 'non-profiled nmethods': size=120028Kb used=1018Kb max_used=1018Kb free=119009Kb
 bounds [0x000076d5f4ac9000, 0x000076d5f4d39000, 0x000076d5fc000000]
CodeHeap 'profiled nmethods': size=120028Kb used=4116Kb max_used=4116Kb free=115911Kb
 bounds [0x000076d5ed000000, 0x000076d5ed410000, 0x000076d5f4537000]
CodeHeap 'non-nmethods': size=5704Kb used=1221Kb max_used=1284Kb free=4482Kb
 bounds [0x000076d5f4537000, 0x000076d5f47a7000, 0x000076d5f4ac9000]
 total_blobs=2658 nmethods=2125 adapters=446
 compilation: enabled
              stopped_count=0, restarted_count=0
 full_count=0

Compilation events (20 events):
Event: 1.614 Thread 0x000076d5fc220860 2117       3       java.util.concurrent.locks.AbstractQueuedSynchronizer::compareAndSetState (13 bytes)
Event: 1.614 Thread 0x000076d5fc220860 nmethod 2117 0x000076d5ed3fa490 code [0x000076d5ed3fa620, 0x000076d5ed3fa750]
Event: 1.615 Thread 0x000076d5fc220860 2119       3       java.util.LinkedHashMap::<init> (10 bytes)
Event: 1.615 Thread 0x000076d5fc220860 nmethod 2119 0x000076d5ed3fa810 code [0x000076d5ed3fa9c0, 0x000076d5ed3fabf0]
Event: 1.618 Thread 0x000076d5fc220860 2120       3       java.util.Collections$1::next (25 bytes)
Event: 1.618 Thread 0x000076d5fc220860 nmethod 2120 0x000076d5ed3fad10 code [0x000076d5ed3faec0, 0x000076d5ed3fb0e0]
Event: 1.622 Thread 0x000076d5fc220860 2121       3       jdk.internal.loader.AbstractClassLoaderValue$Sub::hashCode (19 bytes)
Event: 1.623 Thread 0x000076d5fc220860 nmethod 2121 0x000076d5ed3fb210 code [0x000076d5ed3fb3e0, 0x000076d5ed3fb750]
Event: 1.625 Thread 0x000076d5fc220860 2122       3       java.util.Collections$SingletonList::iterator (8 bytes)
Event: 1.625 Thread 0x000076d5fc220860 nmethod 2122 0x000076d5ed3fb890 code [0x000076d5ed3fba40, 0x000076d5ed3fbd10]
Event: 1.625 Thread 0x000076d5fc220860 2123       1       jdk.internal.reflect.ClassFileAssembler::getStack (5 bytes)
Event: 1.625 Thread 0x000076d5fc220860 nmethod 2123 0x000076d5f4bc7590 code [0x000076d5f4bc7720, 0x000076d5f4bc77f0]
Event: 1.628 Thread 0x000076d5fc220860 2124       3       jdk.internal.loader.AbstractClassLoaderValue::extractValue (17 bytes)
Event: 1.628 Thread 0x000076d5fc220860 nmethod 2124 0x000076d5ed3fbe10 code [0x000076d5ed3fbfe0, 0x000076d5ed3fc360]
Event: 1.629 Thread 0x000076d5fc220860 2125       3       org.gradle.internal.service.ServiceScopeValidator::getAnnotations (4 bytes)
Event: 1.629 Thread 0x000076d5fc220860 nmethod 2125 0x000076d5ed3fc410 code [0x000076d5ed3fc5a0, 0x000076d5ed3fc6b0]
Event: 1.629 Thread 0x000076d5fc220860 2126       3       sun.reflect.annotation.AnnotationParser::parseMemberValue (230 bytes)
Event: 1.632 Thread 0x000076d5fc220860 nmethod 2126 0x000076d5ed3fc790 code [0x000076d5ed3fcca0, 0x000076d5ed3ff260]
Event: 1.637 Thread 0x000076d5fc220860 2127       3       java.lang.Class::copyConstructors (38 bytes)
Event: 1.638 Thread 0x000076d5fc220860 nmethod 2127 0x000076d5ed3fff90 code [0x000076d5ed400200, 0x000076d5ed400d10]

GC Heap History (6 events):
Event: 0.510 GC heap before
{Heap before GC invocations=0 (full 0):
 garbage-first heap   total 256000K, used 26624K [0x0000000080000000, 0x0000000100000000)
  region size 1024K, 23 young (23552K), 0 survivors (0K)
 Metaspace       used 10428K, committed 10688K, reserved 1114112K
  class space    used 1085K, committed 1216K, reserved 1048576K
}
Event: 0.514 GC heap after
{Heap after GC invocations=1 (full 0):
 garbage-first heap   total 256000K, used 10432K [0x0000000080000000, 0x0000000100000000)
  region size 1024K, 3 young (3072K), 3 survivors (3072K)
 Metaspace       used 10428K, committed 10688K, reserved 1114112K
  class space    used 1085K, committed 1216K, reserved 1048576K
}
Event: 0.733 GC heap before
{Heap before GC invocations=1 (full 0):
 garbage-first heap   total 256000K, used 39104K [0x0000000080000000, 0x0000000100000000)
  region size 1024K, 31 young (31744K), 3 survivors (3072K)
 Metaspace       used 11479K, committed 11648K, reserved 1114112K
  class space    used 1202K, committed 1280K, reserved 1048576K
}
Event: 0.736 GC heap after
{Heap after GC invocations=2 (full 0):
 garbage-first heap   total 256000K, used 14763K [0x0000000080000000, 0x0000000100000000)
  region size 1024K, 4 young (4096K), 4 survivors (4096K)
 Metaspace       used 11479K, committed 11648K, reserved 1114112K
  class space    used 1202K, committed 1280K, reserved 1048576K
}
Event: 1.240 GC heap before
{Heap before GC invocations=2 (full 0):
 garbage-first heap   total 256000K, used 50603K [0x0000000080000000, 0x0000000100000000)
  region size 1024K, 40 young (40960K), 4 survivors (4096K)
 Metaspace       used 21349K, committed 21504K, reserved 1114112K
  class space    used 2527K, committed 2624K, reserved 1048576K
}
Event: 1.245 GC heap after
{Heap after GC invocations=3 (full 0):
 garbage-first heap   total 256000K, used 18802K [0x0000000080000000, 0x0000000100000000)
  region size 1024K, 8 young (8192K), 8 survivors (8192K)
 Metaspace       used 21349K, committed 21504K, reserved 1114112K
  class space    used 2527K, committed 2624K, reserved 1048576K
}

Dll operation events (13 events):
Event: 0.002 Loaded shared library /home/jackaria/snap/android-studio-2024.1.2.12-linux/android-studio/jbr/lib/libjava.so
Event: 0.129 Loaded shared library /home/jackaria/snap/android-studio-2024.1.2.12-linux/android-studio/jbr/lib/libzip.so
Event: 0.131 Loaded shared library /home/jackaria/snap/android-studio-2024.1.2.12-linux/android-studio/jbr/lib/libinstrument.so
Event: 0.138 Loaded shared library /home/jackaria/snap/android-studio-2024.1.2.12-linux/android-studio/jbr/lib/libnio.so
Event: 0.149 Loaded shared library /home/jackaria/snap/android-studio-2024.1.2.12-linux/android-studio/jbr/lib/libzip.so
Event: 0.244 Loaded shared library /home/jackaria/snap/android-studio-2024.1.2.12-linux/android-studio/jbr/lib/libjimage.so
Event: 0.300 Loaded shared library /home/jackaria/snap/android-studio-2024.1.2.12-linux/android-studio/jbr/lib/libverify.so
Event: 0.442 Loaded shared library /home/jackaria/snap/android-studio-2024.1.2.12-linux/android-studio/jbr/lib/libnet.so
Event: 0.444 Loaded shared library /home/jackaria/.gradle/native/c067742578af261105cb4f569cf0c3c89f3d7b1fecec35dd04571415982c5e48/linux-amd64/libnative-platform.so
Event: 0.450 Loaded shared library /home/jackaria/.gradle/native/38dada09dfb8b06ba9b0570ebf7e218e3eb74d4ef43ca46872605cf95ebc2f47/linux-amd64/libnative-platform-file-events.so
Event: 0.928 Loaded shared library /home/jackaria/snap/android-studio-2024.1.2.12-linux/android-studio/jbr/lib/libmanagement.so
Event: 0.929 Loaded shared library /home/jackaria/snap/android-studio-2024.1.2.12-linux/android-studio/jbr/lib/libmanagement_ext.so
Event: 1.023 Loaded shared library /home/jackaria/snap/android-studio-2024.1.2.12-linux/android-studio/jbr/lib/libextnet.so

Deoptimization events (20 events):
Event: 1.446 Thread 0x000076d544008050 Uncommon trap: trap_request=0xffffff45 fr.pc=0x000076d5f4b2ce84 relative=0x00000000000005c4
Event: 1.446 Thread 0x000076d544008050 Uncommon trap: reason=unstable_if action=reinterpret pc=0x000076d5f4b2ce84 method=java.io.UnixFileSystem.resolve(Ljava/lang/String;Ljava/lang/String;)Ljava/lang/String; @ 4 c2
Event: 1.446 Thread 0x000076d544008050 DEOPT PACKING pc=0x000076d5f4b2ce84 sp=0x000076d5d6cfb000
Event: 1.446 Thread 0x000076d544008050 DEOPT UNPACKING pc=0x000076d5f458d699 sp=0x000076d5d6cfafb8 mode 2
Event: 1.447 Thread 0x000076d544008050 Uncommon trap: trap_request=0xffffffc6 fr.pc=0x000076d5f4b36330 relative=0x0000000000000090
Event: 1.447 Thread 0x000076d544008050 Uncommon trap: reason=bimorphic_or_optimized_type_check action=maybe_recompile pc=0x000076d5f4b36330 method=java.util.AbstractList$Itr.hasNext()Z @ 8 c2
Event: 1.447 Thread 0x000076d544008050 DEOPT PACKING pc=0x000076d5f4b36330 sp=0x000076d5d6cfa930
Event: 1.447 Thread 0x000076d544008050 DEOPT UNPACKING pc=0x000076d5f458d699 sp=0x000076d5d6cfa8e8 mode 2
Event: 1.447 Thread 0x000076d544008050 Uncommon trap: trap_request=0xffffffc6 fr.pc=0x000076d5f4b3714c relative=0x000000000000012c
Event: 1.447 Thread 0x000076d544008050 Uncommon trap: reason=bimorphic_or_optimized_type_check action=maybe_recompile pc=0x000076d5f4b3714c method=java.util.AbstractList$Itr.next()Ljava/lang/Object; @ 14 c2
Event: 1.447 Thread 0x000076d544008050 DEOPT PACKING pc=0x000076d5f4b3714c sp=0x000076d5d6cfa920
Event: 1.447 Thread 0x000076d544008050 DEOPT UNPACKING pc=0x000076d5f458d699 sp=0x000076d5d6cfa8d8 mode 2
Event: 1.447 Thread 0x000076d544008050 Uncommon trap: trap_request=0xffffff45 fr.pc=0x000076d5f4b33074 relative=0x0000000000000634
Event: 1.447 Thread 0x000076d544008050 Uncommon trap: reason=unstable_if action=reinterpret pc=0x000076d5f4b33074 method=java.io.File.getName()Ljava/lang/String; @ 16 c2
Event: 1.447 Thread 0x000076d544008050 DEOPT PACKING pc=0x000076d5f4b33074 sp=0x000076d5d6cfaf60
Event: 1.447 Thread 0x000076d544008050 DEOPT UNPACKING pc=0x000076d5f458d699 sp=0x000076d5d6cfaf30 mode 2
Event: 1.505 Thread 0x000076d544008050 Uncommon trap: trap_request=0xffffff45 fr.pc=0x000076d5f4b45fd8 relative=0x0000000000000798
Event: 1.505 Thread 0x000076d544008050 Uncommon trap: reason=unstable_if action=reinterpret pc=0x000076d5f4b45fd8 method=java.util.ArrayList.grow(I)[Ljava/lang/Object; @ 17 c2
Event: 1.505 Thread 0x000076d544008050 DEOPT PACKING pc=0x000076d5f4b45fd8 sp=0x000076d5d6cfc900
Event: 1.505 Thread 0x000076d544008050 DEOPT UNPACKING pc=0x000076d5f458d699 sp=0x000076d5d6cfc798 mode 2

Classes unloaded (0 events):
No events

Classes redefined (0 events):
No events

Internal exceptions (20 events):
Event: 1.224 Thread 0x000076d544008050 Exception <a 'java/lang/NoSuchMethodError'{0x000000008d3738f8}: 'java.lang.Object java.lang.invoke.DirectMethodHandle$Holder.newInvokeSpecial(java.lang.Object, java.lang.Object, java.lang.Object, java.lang.Object, java.lang.Object)'> (0x000000008d3738f8) 
thrown [src/hotspot/share/interpreter/linkResolver.cpp, line 771]
Event: 1.254 Thread 0x000076d544008050 Exception <a 'java/lang/NoSuchMethodError'{0x000000008f9e2458}: 'void java.lang.invoke.DirectMethodHandle$Holder.invokeSpecial(java.lang.Object, java.lang.Object, java.lang.Object)'> (0x000000008f9e2458) 
thrown [src/hotspot/share/interpreter/linkResolver.cpp, line 771]
Event: 1.267 Thread 0x000076d544008050 Exception <a 'java/lang/NoSuchMethodError'{0x00000000839901e8}: 'java.lang.Object java.lang.invoke.DirectMethodHandle$Holder.newInvokeSpecial(java.lang.Object, java.lang.Object, java.lang.Object, java.lang.Object, java.lang.Object, java.lang.Object)'> (0x00000000839901e8) 
thrown [src/hotspot/share/interpreter/linkResolver.cpp, line 771]
Event: 1.268 Thread 0x000076d544008050 Exception <a 'java/lang/NoSuchMethodError'{0x00000000839a7e28}: 'void java.lang.invoke.DirectMethodHandle$Holder.invokeSpecial(java.lang.Object, java.lang.Object, java.lang.Object, java.lang.Object, java.lang.Object)'> (0x00000000839a7e28) 
thrown [src/hotspot/share/interpreter/linkResolver.cpp, line 771]
Event: 1.269 Thread 0x000076d544008050 Exception <a 'java/lang/NoSuchMethodError'{0x00000000839bbdd8}: 'void java.lang.invoke.DirectMethodHandle$Holder.invokeStaticInit(java.lang.Object, java.lang.Object)'> (0x00000000839bbdd8) 
thrown [src/hotspot/share/interpreter/linkResolver.cpp, line 771]
Event: 1.309 Thread 0x000076d544008050 Exception <a 'java/lang/NoSuchMethodError'{0x0000000083678168}: 'void java.lang.invoke.DelegatingMethodHandle$Holder.reinvoke_L(java.lang.Object, java.lang.Object, java.lang.Object, java.lang.Object, java.lang.Object, java.lang.Object, java.lang.Object, java.lang.Object, java.lang.Object, java.lang.Object)'> (0x0000000083678168) 
thrown [src/hotspot/share/interpreter/linkResolver.cpp, line 771]
Event: 1.310 Thread 0x000076d544008050 Exception <a 'java/lang/NoSuchMethodError'{0x0000000083680718}: 'java.lang.Object java.lang.invoke.DirectMethodHandle$Holder.invokeSpecial(java.lang.Object, java.lang.Object, java.lang.Object, java.lang.Object, java.lang.Object, java.lang.Object, java.lang.Object, java.lang.Object, java.lang.Object, java.lang.Object)'> (0x0000000083680718) 
thrown [src/hotspot/share/interpreter/linkResolver.cpp, line 771]
Event: 1.310 Thread 0x000076d544008050 Exception <a 'java/lang/NoSuchMethodError'{0x00000000836856e8}: 'java.lang.Object java.lang.invoke.Invokers$Holder.invoker(java.lang.Object, java.lang.Object, java.lang.Object, java.lang.Object, java.lang.Object, java.lang.Object, java.lang.Object, java.lang.Object, java.lang.Object, java.lang.Object)'> (0x00000000836856e8) 
thrown [src/hotspot/share/interpreter/linkResolver.cpp, line 771]
Event: 1.311 Thread 0x000076d544008050 Exception <a 'java/lang/NoSuchMethodError'{0x000000008368b2f0}: 'java.lang.Object java.lang.invoke.DirectMethodHandle$Holder.invokeSpecial(java.lang.Object, java.lang.Object, java.lang.Object, java.lang.Object, java.lang.Object, java.lang.Object, java.lang.Object, java.lang.Object, java.lang.Object, java.lang.Object, java.lang.Object)'> (0x000000008368b2f0) 
thrown [src/hotspot/share/interpreter/linkResolver.cpp, line 771]
Event: 1.393 Thread 0x000076d544008050 Exception <a 'java/lang/NoSuchMethodError'{0x000000008305ab18}: 'void java.lang.invoke.DirectMethodHandle$Holder.invokeStaticInit(java.lang.Object)'> (0x000000008305ab18) 
thrown [src/hotspot/share/interpreter/linkResolver.cpp, line 771]
Event: 1.401 Thread 0x000076d544008050 Exception <a 'java/lang/NoSuchMethodError'{0x0000000082f120c8}: 'java.lang.Object java.lang.invoke.DirectMethodHandle$Holder.newInvokeSpecial(java.lang.Object, java.lang.Object, java.lang.Object, int)'> (0x0000000082f120c8) 
thrown [src/hotspot/share/interpreter/linkResolver.cpp, line 771]
Event: 1.402 Thread 0x000076d544008050 Exception <a 'java/lang/NoSuchMethodError'{0x0000000082f169f8}: 'java.lang.Object java.lang.invoke.DirectMethodHandle$Holder.invokeSpecial(java.lang.Object, java.lang.Object, java.lang.Object, java.lang.Object, int)'> (0x0000000082f169f8) 
thrown [src/hotspot/share/interpreter/linkResolver.cpp, line 771]
Event: 1.402 Thread 0x000076d544008050 Exception <a 'java/lang/NoSuchMethodError'{0x0000000082f1ab10}: 'java.lang.Object java.lang.invoke.Invokers$Holder.linkToTargetMethod(java.lang.Object, java.lang.Object, int, java.lang.Object)'> (0x0000000082f1ab10) 
thrown [src/hotspot/share/interpreter/linkResolver.cpp, line 771]
Event: 1.455 Thread 0x000076d544008050 Exception <a 'java/lang/NoSuchMethodError'{0x0000000082b9bd78}: 'int java.lang.invoke.DirectMethodHandle$Holder.invokeVirtual(java.lang.Object, java.lang.Object, java.lang.Object)'> (0x0000000082b9bd78) 
thrown [src/hotspot/share/interpreter/linkResolver.cpp, line 771]
Event: 1.467 Thread 0x000076d544008050 Exception <a 'java/lang/NoSuchMethodError'{0x0000000082aa4b78}: 'int java.lang.invoke.DirectMethodHandle$Holder.invokeSpecialIFC(java.lang.Object, java.lang.Object, java.lang.Object, java.lang.Object)'> (0x0000000082aa4b78) 
thrown [src/hotspot/share/interpreter/linkResolver.cpp, line 771]
Event: 1.468 Thread 0x000076d544008050 Exception <a 'java/lang/NoSuchMethodError'{0x0000000082ab3a68}: 'java.lang.Object java.lang.invoke.DirectMethodHandle$Holder.invokeInterface(java.lang.Object, java.lang.Object, java.lang.Object)'> (0x0000000082ab3a68) 
thrown [src/hotspot/share/interpreter/linkResolver.cpp, line 771]
Event: 1.468 Thread 0x000076d544008050 Exception <a 'java/lang/IncompatibleClassChangeError'{0x0000000082ab7680}: Found class java.lang.Object, but interface was expected> (0x0000000082ab7680) 
thrown [src/hotspot/share/interpreter/linkResolver.cpp, line 838]
Event: 1.493 Thread 0x000076d544008050 Exception <a 'java/lang/NoSuchMethodError'{0x00000000828953d0}: 'int java.lang.invoke.DirectMethodHandle$Holder.invokeStatic(java.lang.Object, java.lang.Object, java.lang.Object, java.lang.Object)'> (0x00000000828953d0) 
thrown [src/hotspot/share/interpreter/linkResolver.cpp, line 771]
Event: 1.493 Thread 0x000076d544008050 Exception <a 'java/lang/NoSuchMethodError'{0x0000000082898ff8}: 'java.lang.Object java.lang.invoke.Invokers$Holder.invokeExact_MT(java.lang.Object, java.lang.Object, java.lang.Object, java.lang.Object, java.lang.Object, java.lang.Object)'> (0x0000000082898ff8) 
thrown [src/hotspot/share/interpreter/linkResolver.cpp, line 771]
Event: 1.530 Thread 0x000076d544008050 Exception <a 'java/lang/IncompatibleClassChangeError'{0x00000000825b0e28}: Found class java.lang.Object, but interface was expected> (0x00000000825b0e28) 
thrown [src/hotspot/share/interpreter/linkResolver.cpp, line 838]

VM Operations (20 events):
Event: 0.895 Executing VM operation: HandshakeAllThreads
Event: 0.895 Executing VM operation: HandshakeAllThreads done
Event: 0.938 Executing VM operation: HandshakeAllThreads
Event: 0.938 Executing VM operation: HandshakeAllThreads done
Event: 0.966 Executing VM operation: HandshakeAllThreads
Event: 0.966 Executing VM operation: HandshakeAllThreads done
Event: 0.998 Executing VM operation: HandshakeAllThreads
Event: 0.998 Executing VM operation: HandshakeAllThreads done
Event: 1.240 Executing VM operation: CollectForMetadataAllocation
Event: 1.245 Executing VM operation: CollectForMetadataAllocation done
Event: 1.251 Executing VM operation: G1PauseRemark
Event: 1.252 Executing VM operation: G1PauseRemark done
Event: 1.253 Executing VM operation: G1PauseCleanup
Event: 1.253 Executing VM operation: G1PauseCleanup done
Event: 1.294 Executing VM operation: HandshakeAllThreads
Event: 1.294 Executing VM operation: HandshakeAllThreads done
Event: 1.521 Executing VM operation: HandshakeAllThreads
Event: 1.521 Executing VM operation: HandshakeAllThreads done
Event: 1.521 Executing VM operation: HandshakeAllThreads
Event: 1.521 Executing VM operation: HandshakeAllThreads done

Events (20 events):
Event: 1.453 loading class java/io/FilenameFilter
Event: 1.453 loading class java/io/FilenameFilter done
Event: 1.453 loading class java/util/zip/CheckedInputStream
Event: 1.453 loading class java/util/zip/CheckedInputStream done
Event: 1.464 loading class java/util/concurrent/Semaphore
Event: 1.464 loading class java/util/concurrent/Semaphore done
Event: 1.466 loading class java/nio/file/FileVisitOption
Event: 1.466 loading class java/nio/file/FileVisitOption done
Event: 1.469 loading class java/util/stream/ReduceOps$1
Event: 1.469 loading class java/util/stream/ReduceOps$1 done
Event: 1.469 loading class java/util/stream/ReduceOps$1ReducingSink
Event: 1.469 loading class java/util/stream/ReduceOps$1ReducingSink done
Event: 1.540 loading class java/util/Collections$2
Event: 1.540 loading class java/util/Collections$2 done
Event: 1.599 loading class java/util/function/LongFunction
Event: 1.599 loading class java/util/function/LongFunction done
Event: 1.621 loading class java/security/InvalidKeyException
Event: 1.621 loading class java/security/KeyException
Event: 1.621 loading class java/security/KeyException done
Event: 1.621 loading class java/security/InvalidKeyException done


Dynamic libraries:
80000000-83a00000 rw-p 00000000 00:00 0 
83a00000-8ca00000 ---p 00000000 00:00 0 
8ca00000-8d200000 rw-p 00000000 00:00 0 
8d200000-8f900000 ---p 00000000 00:00 0 
8f900000-8fa00000 rw-p 00000000 00:00 0 
8fa00000-100000000 ---p 00000000 00:00 0 
100000000-100010000 rw-p 00000000 00:00 0 
100010000-100030000 rw-p 00000000 00:00 0 
100030000-1000b0000 rw-p 00000000 00:00 0 
1000b0000-100130000 rw-p 00000000 00:00 0 
100130000-1001b0000 rw-p 00000000 00:00 0 
1001b0000-1001f0000 rw-p 00000000 00:00 0 
1001f0000-100230000 rw-p 00000000 00:00 0 
100230000-100260000 rw-p 00000000 00:00 0 
100260000-100280000 ---p 00000000 00:00 0 
100280000-100390000 rw-p 00000000 00:00 0 
100390000-140000000 ---p 00000000 00:00 0 
57d412b5d000-57d412b5e000 r--p 00000000 08:02 28345887                   /home/jackaria/snap/android-studio-2024.1.2.12-linux/android-studio/jbr/bin/java
57d412b5e000-57d412b5f000 r-xp 00000000 08:02 28345887                   /home/jackaria/snap/android-studio-2024.1.2.12-linux/android-studio/jbr/bin/java
57d412b5f000-57d412b61000 r--p 00000000 08:02 28345887                   /home/jackaria/snap/android-studio-2024.1.2.12-linux/android-studio/jbr/bin/java
57d412b61000-57d412b62000 rw-p 00001000 08:02 28345887                   /home/jackaria/snap/android-studio-2024.1.2.12-linux/android-studio/jbr/bin/java
57d4133e1000-57d413429000 rw-p 00000000 00:00 0                          [heap]
76d4fc000000-76d4fc021000 rw-p 00000000 00:00 0 
76d4fc021000-76d500000000 ---p 00000000 00:00 0 
76d500000000-76d500021000 rw-p 00000000 00:00 0 
76d500021000-76d504000000 ---p 00000000 00:00 0 
76d508000000-76d508021000 rw-p 00000000 00:00 0 
76d508021000-76d50c000000 ---p 00000000 00:00 0 
76d50c000000-76d50c021000 rw-p 00000000 00:00 0 
76d50c021000-76d510000000 ---p 00000000 00:00 0 
76d514000000-76d514021000 rw-p 00000000 00:00 0 
76d514021000-76d518000000 ---p 00000000 00:00 0 
76d518000000-76d518021000 rw-p 00000000 00:00 0 
76d518021000-76d51c000000 ---p 00000000 00:00 0 
76d520000000-76d520021000 rw-p 00000000 00:00 0 
76d520021000-76d524000000 ---p 00000000 00:00 0 
76d524000000-76d524021000 rw-p 00000000 00:00 0 
76d524021000-76d528000000 ---p 00000000 00:00 0 
76d52c000000-76d52c021000 rw-p 00000000 00:00 0 
76d52c021000-76d530000000 ---p 00000000 00:00 0 
76d530000000-76d5303b7000 rw-p 00000000 00:00 0 
76d5303b7000-76d534000000 ---p 00000000 00:00 0 
76d538000000-76d538021000 rw-p 00000000 00:00 0 
76d538021000-76d53c000000 ---p 00000000 00:00 0 
76d53c000000-76d53c03d000 rw-p 00000000 00:00 0 
76d53c03d000-76d540000000 ---p 00000000 00:00 0 
76d544000000-76d544021000 rw-p 00000000 00:00 0 
76d544021000-76d548000000 ---p 00000000 00:00 0 
76d548000000-76d548021000 rw-p 00000000 00:00 0 
76d548021000-76d54c000000 ---p 00000000 00:00 0 
76d550000000-76d550055000 rw-p 00000000 00:00 0 
76d550055000-76d554000000 ---p 00000000 00:00 0 
76d554000000-76d554023000 rw-p 00000000 00:00 0 
76d554023000-76d558000000 ---p 00000000 00:00 0 
76d55c000000-76d55c021000 rw-p 00000000 00:00 0 
76d55c021000-76d560000000 ---p 00000000 00:00 0 
76d560000000-76d560021000 rw-p 00000000 00:00 0 
76d560021000-76d564000000 ---p 00000000 00:00 0 
76d568000000-76d568021000 rw-p 00000000 00:00 0 
76d568021000-76d56c000000 ---p 00000000 00:00 0 
76d56c000000-76d56c021000 rw-p 00000000 00:00 0 
76d56c021000-76d570000000 ---p 00000000 00:00 0 
76d574000000-76d574021000 rw-p 00000000 00:00 0 
76d574021000-76d578000000 ---p 00000000 00:00 0 
76d578000000-76d578f3e000 rw-p 00000000 00:00 0 
76d578f3e000-76d57c000000 ---p 00000000 00:00 0 
76d580000000-76d580021000 rw-p 00000000 00:00 0 
76d580021000-76d584000000 ---p 00000000 00:00 0 
76d584000000-76d584021000 rw-p 00000000 00:00 0 
76d584021000-76d588000000 ---p 00000000 00:00 0 
76d58c000000-76d58c021000 rw-p 00000000 00:00 0 
76d58c021000-76d590000000 ---p 00000000 00:00 0 
76d590000000-76d590021000 rw-p 00000000 00:00 0 
76d590021000-76d594000000 ---p 00000000 00:00 0 
76d598000000-76d5986da000 rw-p 00000000 00:00 0 
76d5986da000-76d59c000000 ---p 00000000 00:00 0 
76d59c000000-76d59ce21000 rw-p 00000000 00:00 0 
76d59ce21000-76d5a0000000 ---p 00000000 00:00 0 
76d5a4000000-76d5a4021000 rw-p 00000000 00:00 0 
76d5a4021000-76d5a8000000 ---p 00000000 00:00 0 
76d5a8000000-76d5a8021000 rw-p 00000000 00:00 0 
76d5a8021000-76d5ac000000 ---p 00000000 00:00 0 
76d5b0000000-76d5b0021000 rw-p 00000000 00:00 0 
76d5b0021000-76d5b4000000 ---p 00000000 00:00 0 
76d5b4000000-76d5b4021000 rw-p 00000000 00:00 0 
76d5b4021000-76d5b8000000 ---p 00000000 00:00 0 
76d5bc000000-76d5bc021000 rw-p 00000000 00:00 0 
76d5bc021000-76d5c0000000 ---p 00000000 00:00 0 
76d5c0000000-76d5c0021000 rw-p 00000000 00:00 0 
76d5c0021000-76d5c4000000 ---p 00000000 00:00 0 
76d5c8000000-76d5c84f0000 rw-p 00000000 00:00 0 
76d5c84f0000-76d5c8530000 rw-p 00000000 00:00 0 
76d5c8530000-76d5c8570000 rw-p 00000000 00:00 0 
76d5c8570000-76d5c8670000 rw-p 00000000 00:00 0 
76d5c8670000-76d5c86f0000 rw-p 00000000 00:00 0 
76d5c86f0000-76d5c88f0000 rw-p 00000000 00:00 0 
76d5c88f0000-76d5c89f0000 rw-p 00000000 00:00 0 
76d5c89f0000-76d5c8af0000 rw-p 00000000 00:00 0 
76d5c8af0000-76d5c8bf0000 rw-p 00000000 00:00 0 
76d5c8bf0000-76d5c8c70000 rw-p 00000000 00:00 0 
76d5c8c70000-76d5c8cf0000 rw-p 00000000 00:00 0 
76d5c8cf0000-76d5c8e70000 rw-p 00000000 00:00 0 
76d5c8e70000-76d5c8ef0000 rw-p 00000000 00:00 0 
76d5c8ef0000-76d5c90f0000 rw-p 00000000 00:00 0 
76d5c90f0000-76d5c91f0000 rw-p 00000000 00:00 0 
76d5c91f0000-76d5c9200000 ---p 00000000 00:00 0 
76d5c9200000-76d5c96b0000 rw-p 00000000 00:00 0 
76d5c96b0000-76d5cc000000 ---p 00000000 00:00 0 
76d5cc000000-76d5cc021000 rw-p 00000000 00:00 0 
76d5cc021000-76d5d0000000 ---p 00000000 00:00 0 
76d5d0000000-76d5d0021000 rw-p 00000000 00:00 0 
76d5d0021000-76d5d4000000 ---p 00000000 00:00 0 
76d5d5c00000-76d5d5e9e000 rw-p 00000000 00:00 0 
76d5d5f37000-76d5d5f3b000 ---p 00000000 00:00 0 
76d5d5f3b000-76d5d6037000 rw-p 00000000 00:00 0 
76d5d6202000-76d5d63fd000 rw-p 00000000 00:00 0 
76d5d63fd000-76d5d6401000 ---p 00000000 00:00 0 
76d5d6401000-76d5d64fd000 rw-p 00000000 00:00 0 
76d5d64fd000-76d5d6501000 ---p 00000000 00:00 0 
76d5d6501000-76d5d65fd000 rw-p 00000000 00:00 0 
76d5d65fd000-76d5d65fe000 ---p 00000000 00:00 0 
76d5d65fe000-76d5d66fe000 rw-p 00000000 00:00 0 
76d5d66fe000-76d5d66ff000 ---p 00000000 00:00 0 
76d5d66ff000-76d5d67ff000 rw-p 00000000 00:00 0 
76d5d67ff000-76d5d6800000 ---p 00000000 00:00 0 
76d5d6800000-76d5d6900000 rw-p 00000000 00:00 0 
76d5d6900000-76d5d6904000 ---p 00000000 00:00 0 
76d5d6904000-76d5d6a00000 rw-p 00000000 00:00 0 
76d5d6a00000-76d5d6a04000 ---p 00000000 00:00 0 
76d5d6a04000-76d5d6b00000 rw-p 00000000 00:00 0 
76d5d6b00000-76d5d6b04000 ---p 00000000 00:00 0 
76d5d6b04000-76d5d6c00000 rw-p 00000000 00:00 0 
76d5d6c00000-76d5d6c04000 ---p 00000000 00:00 0 
76d5d6c04000-76d5d6d00000 rw-p 00000000 00:00 0 
76d5d6d00000-76d5d6d04000 ---p 00000000 00:00 0 
76d5d6d04000-76d5d6e00000 rw-p 00000000 00:00 0 
76d5d6e00000-76d5d6e04000 ---p 00000000 00:00 0 
76d5d6e04000-76d5d6f00000 rw-p 00000000 00:00 0 
76d5d6f00000-76d5d6f04000 ---p 00000000 00:00 0 
76d5d6f04000-76d5d7000000 rw-p 00000000 00:00 0 
76d5d7000000-76d5d709d000 r--p 00000000 08:02 1575260                    /usr/lib/x86_64-linux-gnu/libstdc++.so.6.0.33
76d5d709d000-76d5d71dd000 r-xp 0009d000 08:02 1575260                    /usr/lib/x86_64-linux-gnu/libstdc++.so.6.0.33
76d5d71dd000-76d5d726b000 r--p 001dd000 08:02 1575260                    /usr/lib/x86_64-linux-gnu/libstdc++.so.6.0.33
76d5d726b000-76d5d7276000 r--p 0026b000 08:02 1575260                    /usr/lib/x86_64-linux-gnu/libstdc++.so.6.0.33
76d5d7276000-76d5d7279000 rw-p 00276000 08:02 1575260                    /usr/lib/x86_64-linux-gnu/libstdc++.so.6.0.33
76d5d7279000-76d5d727d000 rw-p 00000000 00:00 0 
76d5d7300000-76d5d7304000 ---p 00000000 00:00 0 
76d5d7304000-76d5d7400000 rw-p 00000000 00:00 0 
76d5d7400000-76d5d7453000 r-xp 00000000 08:02 28320293                   /home/jackaria/.gradle/native/38dada09dfb8b06ba9b0570ebf7e218e3eb74d4ef43ca46872605cf95ebc2f47/linux-amd64/libnative-platform-file-events.so
76d5d7453000-76d5d7652000 ---p 00053000 08:02 28320293                   /home/jackaria/.gradle/native/38dada09dfb8b06ba9b0570ebf7e218e3eb74d4ef43ca46872605cf95ebc2f47/linux-amd64/libnative-platform-file-events.so
76d5d7652000-76d5d7653000 r--p 00052000 08:02 28320293                   /home/jackaria/.gradle/native/38dada09dfb8b06ba9b0570ebf7e218e3eb74d4ef43ca46872605cf95ebc2f47/linux-amd64/libnative-platform-file-events.so
76d5d7653000-76d5d7655000 rw-p 00053000 08:02 28320293                   /home/jackaria/.gradle/native/38dada09dfb8b06ba9b0570ebf7e218e3eb74d4ef43ca46872605cf95ebc2f47/linux-amd64/libnative-platform-file-events.so
76d5d76ff000-76d5d7703000 ---p 00000000 00:00 0 
76d5d7703000-76d5d77ff000 rw-p 00000000 00:00 0 
76d5d77ff000-76d5d7803000 ---p 00000000 00:00 0 
76d5d7803000-76d5d78ff000 rw-p 00000000 00:00 0 
76d5d78ff000-76d5d7900000 ---p 00000000 00:00 0 
76d5d7900000-76d5d7a00000 rw-p 00000000 00:00 0 
76d5d7a00000-76d5d7a05000 r-xp 00000000 08:02 28320266                   /home/jackaria/.gradle/native/c067742578af261105cb4f569cf0c3c89f3d7b1fecec35dd04571415982c5e48/linux-amd64/libnative-platform.so
76d5d7a05000-76d5d7c05000 ---p 00005000 08:02 28320266                   /home/jackaria/.gradle/native/c067742578af261105cb4f569cf0c3c89f3d7b1fecec35dd04571415982c5e48/linux-amd64/libnative-platform.so
76d5d7c05000-76d5d7c06000 r--p 00005000 08:02 28320266                   /home/jackaria/.gradle/native/c067742578af261105cb4f569cf0c3c89f3d7b1fecec35dd04571415982c5e48/linux-amd64/libnative-platform.so
76d5d7c06000-76d5d7c07000 rw-p 00006000 08:02 28320266                   /home/jackaria/.gradle/native/c067742578af261105cb4f569cf0c3c89f3d7b1fecec35dd04571415982c5e48/linux-amd64/libnative-platform.so
76d5d7cfd000-76d5d7cfe000 ---p 00000000 00:00 0 
76d5d7cfe000-76d5d7dfe000 rw-p 00000000 00:00 0 
76d5d7dfe000-76d5d7dff000 ---p 00000000 00:00 0 
76d5d7dff000-76d5d7eff000 rw-p 00000000 00:00 0 
76d5d7eff000-76d5d7f00000 ---p 00000000 00:00 0 
76d5d7f00000-76d5d8000000 rw-p 00000000 00:00 0 
76d5d8000000-76d5d8021000 rw-p 00000000 00:00 0 
76d5d8021000-76d5dc000000 ---p 00000000 00:00 0 
76d5dc000000-76d5dc021000 rw-p 00000000 00:00 0 
76d5dc021000-76d5e0000000 ---p 00000000 00:00 0 
76d5e00fe000-76d5e00ff000 ---p 00000000 00:00 0 
76d5e00ff000-76d5e01ff000 rw-p 00000000 00:00 0 
76d5e01ff000-76d5e0203000 ---p 00000000 00:00 0 
76d5e0203000-76d5e02ff000 rw-p 00000000 00:00 0 
76d5e02ff000-76d5e0300000 ---p 00000000 00:00 0 
76d5e0300000-76d5e0400000 rw-p 00000000 00:00 0 
76d5e0400000-76d5e0404000 ---p 00000000 00:00 0 
76d5e0404000-76d5e0500000 rw-p 00000000 00:00 0 
76d5e0500000-76d5e0504000 ---p 00000000 00:00 0 
76d5e0504000-76d5e0600000 rw-p 00000000 00:00 0 
76d5e0600000-76d5e0604000 ---p 00000000 00:00 0 
76d5e0604000-76d5e0700000 rw-p 00000000 00:00 0 
76d5e0700000-76d5e0704000 ---p 00000000 00:00 0 
76d5e0704000-76d5e0800000 rw-p 00000000 00:00 0 
76d5e0800000-76d5e0804000 ---p 00000000 00:00 0 
76d5e0804000-76d5e0900000 rw-p 00000000 00:00 0 
76d5e0900000-76d5e0904000 ---p 00000000 00:00 0 
76d5e0904000-76d5e0a00000 rw-p 00000000 00:00 0 
76d5e0a00000-76d5e0a04000 ---p 00000000 00:00 0 
76d5e0a04000-76d5e0b00000 rw-p 00000000 00:00 0 
76d5e0b00000-76d5e0b04000 ---p 00000000 00:00 0 
76d5e0b04000-76d5e0c00000 rw-p 00000000 00:00 0 
76d5e0c00000-76d5e1175000 r--p 00000000 08:02 1572893                    /usr/lib/locale/locale-archive
76d5e1195000-76d5e1199000 r--p 00000000 08:02 1575259                    /usr/lib/x86_64-linux-gnu/libgcc_s.so.1
76d5e1199000-76d5e11bc000 r-xp 00004000 08:02 1575259                    /usr/lib/x86_64-linux-gnu/libgcc_s.so.1
76d5e11bc000-76d5e11c0000 r--p 00027000 08:02 1575259                    /usr/lib/x86_64-linux-gnu/libgcc_s.so.1
76d5e11c0000-76d5e11c1000 r--p 0002b000 08:02 1575259                    /usr/lib/x86_64-linux-gnu/libgcc_s.so.1
76d5e11c1000-76d5e11c2000 rw-p 0002c000 08:02 1575259                    /usr/lib/x86_64-linux-gnu/libgcc_s.so.1
76d5e11db000-76d5e11df000 ---p 00000000 00:00 0 
76d5e11df000-76d5e12db000 rw-p 00000000 00:00 0 
76d5e12db000-76d5e12df000 ---p 00000000 00:00 0 
76d5e12df000-76d5e13db000 rw-p 00000000 00:00 0 
76d5e13db000-76d5e13dc000 ---p 00000000 00:00 0 
76d5e13dc000-76d5e14dc000 rw-p 00000000 00:00 0 
76d5e15f6000-76d5e15f7000 ---p 00000000 00:00 0 
76d5e15f7000-76d5e16f7000 rw-p 00000000 00:00 0 
76d5e16f7000-76d5e16f8000 ---p 00000000 00:00 0 
76d5e16f8000-76d5e17f8000 rw-p 00000000 00:00 0 
76d5e17f8000-76d5e4021000 rw-p 00000000 00:00 0 
76d5e4021000-76d5e8000000 ---p 00000000 00:00 0 
76d5e800a000-76d5e8011000 r--p 00000000 08:02 28346246                   /home/jackaria/snap/android-studio-2024.1.2.12-linux/android-studio/jbr/lib/libnet.so
76d5e8011000-76d5e801e000 r-xp 00006000 08:02 28346246                   /home/jackaria/snap/android-studio-2024.1.2.12-linux/android-studio/jbr/lib/libnet.so
76d5e801e000-76d5e801f000 r--p 00012000 08:02 28346246                   /home/jackaria/snap/android-studio-2024.1.2.12-linux/android-studio/jbr/lib/libnet.so
76d5e801f000-76d5e8020000 rw-p 00012000 08:02 28346246                   /home/jackaria/snap/android-studio-2024.1.2.12-linux/android-studio/jbr/lib/libnet.so
76d5e8020000-76d5e80fd000 rw-p 00000000 00:00 0 
76d5e80fd000-76d5e80fe000 ---p 00000000 00:00 0 
76d5e80fe000-76d5e81fe000 rw-p 00000000 00:00 0 
76d5e81fe000-76d5e81ff000 ---p 00000000 00:00 0 
76d5e81ff000-76d5e82ff000 rw-p 00000000 00:00 0 
76d5e82ff000-76d5e8300000 ---p 00000000 00:00 0 
76d5e8300000-76d5e8400000 rw-p 00000000 00:00 0 
76d5e8400000-76d5e84e8000 rw-p 00000000 00:00 0 
76d5e84e8000-76d5e8728000 ---p 00000000 00:00 0 
76d5e8728000-76d5e8748000 rw-p 00000000 00:00 0 
76d5e8748000-76d5e87e4000 ---p 00000000 00:00 0 
76d5e87e4000-76d5e87e8000 rw-p 00000000 00:00 0 
76d5e87e8000-76d5ea400000 ---p 00000000 00:00 0 
76d5ea400000-76d5ea4e8000 rw-p 00000000 00:00 0 
76d5ea4e8000-76d5ea728000 ---p 00000000 00:00 0 
76d5ea728000-76d5ea748000 rw-p 00000000 00:00 0 
76d5ea748000-76d5ea7e4000 ---p 00000000 00:00 0 
76d5ea7e4000-76d5ea7e8000 rw-p 00000000 00:00 0 
76d5ea7e8000-76d5ec400000 ---p 00000000 00:00 0 
76d5ec400000-76d5ec41d000 rw-p 00000000 00:00 0 
76d5ec41d000-76d5ec465000 ---p 00000000 00:00 0 
76d5ec465000-76d5ec469000 rw-p 00000000 00:00 0 
76d5ec469000-76d5ec47c000 ---p 00000000 00:00 0 
76d5ec47c000-76d5ec47d000 rw-p 00000000 00:00 0 
76d5ec47d000-76d5ec800000 ---p 00000000 00:00 0 
76d5ec800000-76d5ec81d000 rw-p 00000000 00:00 0 
76d5ec81d000-76d5ec865000 ---p 00000000 00:00 0 
76d5ec865000-76d5ec869000 rw-p 00000000 00:00 0 
76d5ec869000-76d5ec87c000 ---p 00000000 00:00 0 
76d5ec87c000-76d5ec87d000 rw-p 00000000 00:00 0 
76d5ec87d000-76d5ecc00000 ---p 00000000 00:00 0 
76d5ecc00000-76d5ecc1d000 rw-p 00000000 00:00 0 
76d5ecc1d000-76d5ecc65000 ---p 00000000 00:00 0 
76d5ecc65000-76d5ecc69000 rw-p 00000000 00:00 0 
76d5ecc69000-76d5ecc7c000 ---p 00000000 00:00 0 
76d5ecc7c000-76d5ecc7d000 rw-p 00000000 00:00 0 
76d5ecc7d000-76d5ed000000 ---p 00000000 00:00 0 
76d5ed000000-76d5ed410000 rwxp 00000000 00:00 0 
76d5ed410000-76d5f4537000 ---p 00000000 00:00 0 
76d5f4537000-76d5f47a7000 rwxp 00000000 00:00 0 
76d5f47a7000-76d5f4ac9000 ---p 00000000 00:00 0 
76d5f4ac9000-76d5f4d39000 rwxp 00000000 00:00 0 
76d5f4d39000-76d5fc000000 ---p 00000000 00:00 0 
76d5fc000000-76d5fd6b2000 rw-p 00000000 00:00 0 
76d5fd6b2000-76d600000000 ---p 00000000 00:00 0 
76d600005000-76d60000c000 r--s 00000000 08:02 1580592                    /usr/lib/x86_64-linux-gnu/gconv/gconv-modules.cache
76d60000c000-76d600017000 r--p 00000000 08:02 28346257                   /home/jackaria/snap/android-studio-2024.1.2.12-linux/android-studio/jbr/lib/libnio.so
76d600017000-76d60001f000 r-xp 0000a000 08:02 28346257                   /home/jackaria/snap/android-studio-2024.1.2.12-linux/android-studio/jbr/lib/libnio.so
76d60001f000-76d600020000 r--p 00011000 08:02 28346257                   /home/jackaria/snap/android-studio-2024.1.2.12-linux/android-studio/jbr/lib/libnio.so
76d600020000-76d600022000 rw-p 00011000 08:02 28346257                   /home/jackaria/snap/android-studio-2024.1.2.12-linux/android-studio/jbr/lib/libnio.so
76d600022000-76d60082f000 rw-p 00000000 00:00 0 
76d60082f000-76d600915000 ---p 00000000 00:00 0 
76d600915000-76d60091e000 rw-p 00000000 00:00 0 
76d60091e000-76d600a00000 ---p 00000000 00:00 0 
76d600a00000-76d603ef1000 r--s 00000000 08:02 28346260                   /home/jackaria/snap/android-studio-2024.1.2.12-linux/android-studio/jbr/lib/modules
76d603ef1000-76d603ef4000 r--p 00000000 08:02 28346243                   /home/jackaria/snap/android-studio-2024.1.2.12-linux/android-studio/jbr/lib/libmanagement_ext.so
76d603ef4000-76d603ef7000 r-xp 00002000 08:02 28346243                   /home/jackaria/snap/android-studio-2024.1.2.12-linux/android-studio/jbr/lib/libmanagement_ext.so
76d603ef7000-76d603ef8000 r--p 00004000 08:02 28346243                   /home/jackaria/snap/android-studio-2024.1.2.12-linux/android-studio/jbr/lib/libmanagement_ext.so
76d603ef8000-76d603ef9000 rw-p 00004000 08:02 28346243                   /home/jackaria/snap/android-studio-2024.1.2.12-linux/android-studio/jbr/lib/libmanagement_ext.so
76d603ef9000-76d603efc000 r--p 00000000 08:02 28346277                   /home/jackaria/snap/android-studio-2024.1.2.12-linux/android-studio/jbr/lib/libmanagement.so
76d603efc000-76d603efe000 r-xp 00002000 08:02 28346277                   /home/jackaria/snap/android-studio-2024.1.2.12-linux/android-studio/jbr/lib/libmanagement.so
76d603efe000-76d603eff000 r--p 00003000 08:02 28346277                   /home/jackaria/snap/android-studio-2024.1.2.12-linux/android-studio/jbr/lib/libmanagement.so
76d603eff000-76d603f00000 rw-p 00003000 08:02 28346277                   /home/jackaria/snap/android-studio-2024.1.2.12-linux/android-studio/jbr/lib/libmanagement.so
76d603f00000-76d603f04000 ---p 00000000 00:00 0 
76d603f04000-76d604000000 rw-p 00000000 00:00 0 
76d604000000-76d60452a000 r--p 00000000 08:02 28346262                   /home/jackaria/snap/android-studio-2024.1.2.12-linux/android-studio/jbr/lib/server/libjvm.so
76d60452a000-76d6050eb000 r-xp 00529000 08:02 28346262                   /home/jackaria/snap/android-studio-2024.1.2.12-linux/android-studio/jbr/lib/server/libjvm.so
76d6050eb000-76d6051ad000 r--p 010e9000 08:02 28346262                   /home/jackaria/snap/android-studio-2024.1.2.12-linux/android-studio/jbr/lib/server/libjvm.so
76d6051ad000-76d6051d7000 rw-p 011aa000 08:02 28346262                   /home/jackaria/snap/android-studio-2024.1.2.12-linux/android-studio/jbr/lib/server/libjvm.so
76d6051d7000-76d60524b000 rw-p 00000000 00:00 0 
76d60524c000-76d60524d000 r--p 00000000 08:02 28346276                   /home/jackaria/snap/android-studio-2024.1.2.12-linux/android-studio/jbr/lib/libextnet.so
76d60524d000-76d60524f000 r-xp 00000000 08:02 28346276                   /home/jackaria/snap/android-studio-2024.1.2.12-linux/android-studio/jbr/lib/libextnet.so
76d60524f000-76d605250000 r--p 00001000 08:02 28346276                   /home/jackaria/snap/android-studio-2024.1.2.12-linux/android-studio/jbr/lib/libextnet.so
76d605250000-76d605251000 rw-p 00001000 08:02 28346276                   /home/jackaria/snap/android-studio-2024.1.2.12-linux/android-studio/jbr/lib/libextnet.so
76d605251000-76d605317000 rw-p 00000000 00:00 0 
76d605317000-76d605327000 r--p 00000000 08:02 1580609                    /usr/lib/x86_64-linux-gnu/libm.so.6
76d605327000-76d6053a6000 r-xp 00010000 08:02 1580609                    /usr/lib/x86_64-linux-gnu/libm.so.6
76d6053a6000-76d6053fe000 r--p 0008f000 08:02 1580609                    /usr/lib/x86_64-linux-gnu/libm.so.6
76d6053fe000-76d6053ff000 r--p 000e7000 08:02 1580609                    /usr/lib/x86_64-linux-gnu/libm.so.6
76d6053ff000-76d605400000 rw-p 000e8000 08:02 1580609                    /usr/lib/x86_64-linux-gnu/libm.so.6
76d605400000-76d605428000 r--p 00000000 08:02 1580604                    /usr/lib/x86_64-linux-gnu/libc.so.6
76d605428000-76d6055b0000 r-xp 00028000 08:02 1580604                    /usr/lib/x86_64-linux-gnu/libc.so.6
76d6055b0000-76d6055ff000 r--p 001b0000 08:02 1580604                    /usr/lib/x86_64-linux-gnu/libc.so.6
76d6055ff000-76d605603000 r--p 001fe000 08:02 1580604                    /usr/lib/x86_64-linux-gnu/libc.so.6
76d605603000-76d605605000 rw-p 00202000 08:02 1580604                    /usr/lib/x86_64-linux-gnu/libc.so.6
76d605605000-76d605612000 rw-p 00000000 00:00 0 
76d605614000-76d60561a000 r--p 00000000 08:02 28346247                   /home/jackaria/snap/android-studio-2024.1.2.12-linux/android-studio/jbr/lib/libverify.so
76d60561a000-76d605622000 r-xp 00005000 08:02 28346247                   /home/jackaria/snap/android-studio-2024.1.2.12-linux/android-studio/jbr/lib/libverify.so
76d605622000-76d605624000 r--p 0000c000 08:02 28346247                   /home/jackaria/snap/android-studio-2024.1.2.12-linux/android-studio/jbr/lib/libverify.so
76d605624000-76d605625000 rw-p 0000d000 08:02 28346247                   /home/jackaria/snap/android-studio-2024.1.2.12-linux/android-studio/jbr/lib/libverify.so
76d605625000-76d60562e000 r--p 00000000 08:02 28346193                   /home/jackaria/snap/android-studio-2024.1.2.12-linux/android-studio/jbr/lib/libzip.so
76d60562e000-76d605643000 r-xp 00008000 08:02 28346193                   /home/jackaria/snap/android-studio-2024.1.2.12-linux/android-studio/jbr/lib/libzip.so
76d605643000-76d605644000 r--p 0001c000 08:02 28346193                   /home/jackaria/snap/android-studio-2024.1.2.12-linux/android-studio/jbr/lib/libzip.so
76d605644000-76d605645000 rw-p 0001c000 08:02 28346193                   /home/jackaria/snap/android-studio-2024.1.2.12-linux/android-studio/jbr/lib/libzip.so
76d605645000-76d60564a000 rw-p 00000000 00:00 0 
76d60564a000-76d605651000 ---p 00000000 00:00 0 
76d605651000-76d605663000 r--p 00000000 08:02 28346248                   /home/jackaria/snap/android-studio-2024.1.2.12-linux/android-studio/jbr/lib/libjava.so
76d605663000-76d605675000 r-xp 00011000 08:02 28346248                   /home/jackaria/snap/android-studio-2024.1.2.12-linux/android-studio/jbr/lib/libjava.so
76d605675000-76d605676000 r--p 00022000 08:02 28346248                   /home/jackaria/snap/android-studio-2024.1.2.12-linux/android-studio/jbr/lib/libjava.so
76d605676000-76d605678000 rw-p 00022000 08:02 28346248                   /home/jackaria/snap/android-studio-2024.1.2.12-linux/android-studio/jbr/lib/libjava.so
76d605678000-76d605683000 r--p 00000000 08:02 28346258                   /home/jackaria/snap/android-studio-2024.1.2.12-linux/android-studio/jbr/lib/libjimage.so
76d605683000-76d605697000 r-xp 0000a000 08:02 28346258                   /home/jackaria/snap/android-studio-2024.1.2.12-linux/android-studio/jbr/lib/libjimage.so
76d605697000-76d605699000 r--p 0001d000 08:02 28346258                   /home/jackaria/snap/android-studio-2024.1.2.12-linux/android-studio/jbr/lib/libjimage.so
76d605699000-76d60569a000 rw-p 0001e000 08:02 28346258                   /home/jackaria/snap/android-studio-2024.1.2.12-linux/android-studio/jbr/lib/libjimage.so
76d60569a000-76d60569b000 rw-p 00000000 00:00 0 
76d60569b000-76d60569c000 r--p 00000000 08:02 1580622                    /usr/lib/x86_64-linux-gnu/librt.so.1
76d60569c000-76d60569d000 r-xp 00001000 08:02 1580622                    /usr/lib/x86_64-linux-gnu/librt.so.1
76d60569d000-76d60569e000 r--p 00002000 08:02 1580622                    /usr/lib/x86_64-linux-gnu/librt.so.1
76d60569e000-76d60569f000 r--p 00002000 08:02 1580622                    /usr/lib/x86_64-linux-gnu/librt.so.1
76d60569f000-76d6056a0000 rw-p 00003000 08:02 1580622                    /usr/lib/x86_64-linux-gnu/librt.so.1
76d6056a0000-76d6056a2000 rw-p 00000000 00:00 0 
76d6056a2000-76d6056a3000 r--p 00000000 08:02 1580607                    /usr/lib/x86_64-linux-gnu/libdl.so.2
76d6056a3000-76d6056a4000 r-xp 00001000 08:02 1580607                    /usr/lib/x86_64-linux-gnu/libdl.so.2
76d6056a4000-76d6056a5000 r--p 00002000 08:02 1580607                    /usr/lib/x86_64-linux-gnu/libdl.so.2
76d6056a5000-76d6056a6000 r--p 00002000 08:02 1580607                    /usr/lib/x86_64-linux-gnu/libdl.so.2
76d6056a6000-76d6056a7000 rw-p 00003000 08:02 1580607                    /usr/lib/x86_64-linux-gnu/libdl.so.2
76d6056a7000-76d6056a8000 r--p 00000000 08:02 1580620                    /usr/lib/x86_64-linux-gnu/libpthread.so.0
76d6056a8000-76d6056a9000 r-xp 00001000 08:02 1580620                    /usr/lib/x86_64-linux-gnu/libpthread.so.0
76d6056a9000-76d6056aa000 r--p 00002000 08:02 1580620                    /usr/lib/x86_64-linux-gnu/libpthread.so.0
76d6056aa000-76d6056ab000 r--p 00002000 08:02 1580620                    /usr/lib/x86_64-linux-gnu/libpthread.so.0
76d6056ab000-76d6056ac000 rw-p 00003000 08:02 1580620                    /usr/lib/x86_64-linux-gnu/libpthread.so.0
76d6056ad000-76d6056b5000 rw-s 00000000 08:02 16777304                   /tmp/hsperfdata_jackaria/10724
76d6056b5000-76d6056b9000 r--p 00000000 08:02 28346249                   /home/jackaria/snap/android-studio-2024.1.2.12-linux/android-studio/jbr/lib/libinstrument.so
76d6056b9000-76d6056c0000 r-xp 00003000 08:02 28346249                   /home/jackaria/snap/android-studio-2024.1.2.12-linux/android-studio/jbr/lib/libinstrument.so
76d6056c0000-76d6056c1000 r--p 00009000 08:02 28346249                   /home/jackaria/snap/android-studio-2024.1.2.12-linux/android-studio/jbr/lib/libinstrument.so
76d6056c1000-76d6056c2000 rw-p 00009000 08:02 28346249                   /home/jackaria/snap/android-studio-2024.1.2.12-linux/android-studio/jbr/lib/libinstrument.so
76d6056c2000-76d6056c3000 ---p 00000000 00:00 0 
76d6056c3000-76d6056c4000 r--p 00000000 00:00 0 
76d6056c4000-76d6056c5000 ---p 00000000 00:00 0 
76d6056c5000-76d6056ce000 r--p 00000000 08:02 28346285                   /home/jackaria/snap/android-studio-2024.1.2.12-linux/android-studio/jbr/lib/libjli.so
76d6056ce000-76d6056dc000 r-xp 00008000 08:02 28346285                   /home/jackaria/snap/android-studio-2024.1.2.12-linux/android-studio/jbr/lib/libjli.so
76d6056dc000-76d6056dd000 r--p 00015000 08:02 28346285                   /home/jackaria/snap/android-studio-2024.1.2.12-linux/android-studio/jbr/lib/libjli.so
76d6056dd000-76d6056df000 rw-p 00015000 08:02 28346285                   /home/jackaria/snap/android-studio-2024.1.2.12-linux/android-studio/jbr/lib/libjli.so
76d6056df000-76d6056e1000 rw-p 00000000 00:00 0 
76d6056e1000-76d6056e2000 r--p 00000000 08:02 1580601                    /usr/lib/x86_64-linux-gnu/ld-linux-x86-64.so.2
76d6056e2000-76d60570d000 r-xp 00001000 08:02 1580601                    /usr/lib/x86_64-linux-gnu/ld-linux-x86-64.so.2
76d60570d000-76d605717000 r--p 0002c000 08:02 1580601                    /usr/lib/x86_64-linux-gnu/ld-linux-x86-64.so.2
76d605717000-76d605719000 r--p 00036000 08:02 1580601                    /usr/lib/x86_64-linux-gnu/ld-linux-x86-64.so.2
76d605719000-76d60571b000 rw-p 00038000 08:02 1580601                    /usr/lib/x86_64-linux-gnu/ld-linux-x86-64.so.2
7fff387ee000-7fff3880f000 rw-p 00000000 00:00 0                          [stack]
7fff3891b000-7fff3891f000 r--p 00000000 00:00 0                          [vvar]
7fff3891f000-7fff38921000 r-xp 00000000 00:00 0                          [vdso]
ffffffffff600000-ffffffffff601000 --xp 00000000 00:00 0                  [vsyscall]


VM Arguments:
jvm_args: --add-opens=java.base/java.util=ALL-UNNAMED --add-opens=java.base/java.lang=ALL-UNNAMED --add-opens=java.base/java.lang.invoke=ALL-UNNAMED --add-opens=java.prefs/java.util.prefs=ALL-UNNAMED --add-opens=java.base/java.nio.charset=ALL-UNNAMED --add-opens=java.base/java.net=ALL-UNNAMED --add-opens=java.base/java.util.concurrent.atomic=ALL-UNNAMED -Xmx2048m -Dfile.encoding=UTF-8 -Duser.country=GB -Duser.language=en -Duser.variant -javaagent:/home/jackaria/.gradle/wrapper/dists/gradle-8.7-bin/bhs2wmbdwecv87pi65oeuq5iu/gradle-8.7/lib/agents/gradle-instrumentation-agent-8.7.jar 
java_command: org.gradle.launcher.daemon.bootstrap.GradleDaemon 8.7
java_class_path (initial): /home/jackaria/.gradle/wrapper/dists/gradle-8.7-bin/bhs2wmbdwecv87pi65oeuq5iu/gradle-8.7/lib/gradle-launcher-8.7.jar
Launcher Type: SUN_STANDARD

[Global flags]
     intx CICompilerCount                          = 4                                         {product} {ergonomic}
     uint ConcGCThreads                            = 2                                         {product} {ergonomic}
     uint G1ConcRefinementThreads                  = 8                                         {product} {ergonomic}
   size_t G1HeapRegionSize                         = 1048576                                   {product} {ergonomic}
    uintx GCDrainStackTargetSize                   = 64                                        {product} {ergonomic}
   size_t InitialHeapSize                          = 262144000                                 {product} {ergonomic}
   size_t MarkStackSize                            = 4194304                                   {product} {ergonomic}
   size_t MaxHeapSize                              = 2147483648                                {product} {command line}
   size_t MaxNewSize                               = 1287651328                                {product} {ergonomic}
   size_t MinHeapDeltaBytes                        = 1048576                                   {product} {ergonomic}
   size_t MinHeapSize                              = 8388608                                   {product} {ergonomic}
    uintx NonNMethodCodeHeapSize                   = 5839372                                {pd product} {ergonomic}
    uintx NonProfiledCodeHeapSize                  = 122909434                              {pd product} {ergonomic}
    uintx ProfiledCodeHeapSize                     = 122909434                              {pd product} {ergonomic}
    uintx ReservedCodeCacheSize                    = 251658240                              {pd product} {ergonomic}
     bool SegmentedCodeCache                       = true                                      {product} {ergonomic}
   size_t SoftMaxHeapSize                          = 2147483648                             {manageable} {ergonomic}
     bool UseCompressedClassPointers               = true                           {product lp64_product} {ergonomic}
     bool UseCompressedOops                        = true                           {product lp64_product} {ergonomic}
     bool UseG1GC                                  = true                                      {product} {ergonomic}

Logging:
Log output configuration:
 #0: stdout all=warning uptime,level,tags
 #1: stderr all=off uptime,level,tags

Environment Variables:
PATH=/usr/local/sbin:/usr/local/bin:/usr/sbin:/usr/bin:/sbin:/bin:/usr/games:/usr/local/games:/snap/bin:/snap/bin:/home/jackaria/.local/share/JetBrains/Toolbox/scripts
USERNAME=jackaria
SHELL=/bin/bash
DISPLAY=:1
LANG=en_GB.UTF-8

Active Locale:
LC_ALL=en_GB.UTF-8
LC_COLLATE=en_GB.UTF-8
LC_CTYPE=en_GB.UTF-8
LC_MESSAGES=en_GB.UTF-8
LC_MONETARY=en_GB.UTF-8
LC_NUMERIC=en_GB.UTF-8
LC_TIME=en_GB.UTF-8

Signal Handlers:
   SIGSEGV: crash_handler in libjvm.so, mask=11100100010111111101111111111110, flags=SA_RESTART|SA_SIGINFO, unblocked
    SIGBUS: crash_handler in libjvm.so, mask=11100100010111111101111111111110, flags=SA_RESTART|SA_SIGINFO, unblocked
    SIGFPE: crash_handler in libjvm.so, mask=11100100010111111101111111111110, flags=SA_RESTART|SA_SIGINFO, unblocked
   SIGPIPE: javaSignalHandler in libjvm.so, mask=11100100010111111101111111111110, flags=SA_RESTART|SA_SIGINFO, blocked
   SIGXFSZ: javaSignalHandler in libjvm.so, mask=11100100010111111101111111111110, flags=SA_RESTART|SA_SIGINFO, blocked
    SIGILL: crash_handler in libjvm.so, mask=11100100010111111101111111111110, flags=SA_RESTART|SA_SIGINFO, unblocked
   SIGUSR2: SR_handler in libjvm.so, mask=00100000000000000000000000000000, flags=SA_RESTART|SA_SIGINFO, blocked
    SIGHUP: UserHandler in libjvm.so, mask=11100100010111111101111111111110, flags=SA_RESTART|SA_SIGINFO, blocked
    SIGINT: UserHandler in libjvm.so, mask=11100100010111111101111111111110, flags=SA_RESTART|SA_SIGINFO, blocked
   SIGTERM: UserHandler in libjvm.so, mask=11100100010111111101111111111110, flags=SA_RESTART|SA_SIGINFO, blocked
   SIGQUIT: UserHandler in libjvm.so, mask=11100100010111111101111111111110, flags=SA_RESTART|SA_SIGINFO, blocked
   SIGTRAP: crash_handler in libjvm.so, mask=11100100010111111101111111111110, flags=SA_RESTART|SA_SIGINFO, unblocked


Periodic native trim disabled

JNI global refs:
JNI global refs: 23, weak refs: 0

JNI global refs memory usage: 867, weak refs: 865

Process memory usage:
Resident Set Size: 188324K (1% of 16307332K total physical memory with 402164K free physical memory)

OOME stack traces (most recent first):
Classloader memory used:
Loader bootstrap                                                                       : 1894K
Loader org.gradle.internal.classloader.VisitableURLClassLoader                         : 1216K
Loader org.gradle.initialization.MixInLegacyTypesClassLoader                           : 153K
Loader jdk.internal.loader.ClassLoaders$AppClassLoader                                 : 28538B
Loader jdk.internal.reflect.DelegatingClassLoader                                      : 7115B
Loader jdk.internal.loader.ClassLoaders$PlatformClassLoader                            : 2000B

Classes loaded by more than one classloader:
Class org.gradle.internal.installation.GradleInstallation                             : loaded 2 times (x 74B)
Class org.gradle.internal.classpath.ClassPath                                         : loaded 2 times (x 69B)
Class org.gradle.api.internal.classpath.DefaultModuleRegistry                         : loaded 2 times (x 85B)
Class org.gradle.api.Action                                                           : loaded 2 times (x 69B)
Class org.gradle.api.internal.DefaultClassPathProvider                                : loaded 2 times (x 75B)
Class org.gradle.internal.installation.GradleInstallation$1                           : loaded 2 times (x 74B)
Class org.gradle.internal.classloader.FilteringClassLoader                            : loaded 2 times (x 104B)
Class org.gradle.internal.classpath.DefaultClassPath$ImmutableUniqueList$Builder      : loaded 2 times (x 74B)
Class org.gradle.internal.classloader.ClassLoaderVisitor                              : loaded 2 times (x 75B)
Class org.gradle.internal.service.DefaultServiceLocator                               : loaded 2 times (x 82B)
Class org.gradle.internal.service.UnknownServiceException                             : loaded 2 times (x 82B)
Class org.gradle.internal.classloader.DefaultClassLoaderFactory                       : loaded 2 times (x 81B)
Class org.gradle.internal.classloader.VisitableURLClassLoader$Spec                    : loaded 2 times (x 73B)
Class org.gradle.api.GradleException                                                  : loaded 2 times (x 81B)
Class org.gradle.api.internal.classpath.ModuleRegistry                                : loaded 2 times (x 69B)
Class org.gradle.api.internal.ClassPathProvider                                       : loaded 2 times (x 69B)
Class org.gradle.internal.classloader.ClasspathUtil$1                                 : loaded 2 times (x 75B)
Class org.gradle.internal.classloader.ClassLoaderFactory                              : loaded 2 times (x 69B)
Class org.gradle.api.internal.classpath.ManifestUtil                                  : loaded 2 times (x 70B)
Class org.gradle.api.specs.Spec                                                       : loaded 2 times (x 69B)
Class org.gradle.internal.IoActions                                                   : loaded 2 times (x 70B)
Class org.gradle.api.internal.classpath.EffectiveClassPath                            : loaded 2 times (x 89B)
Class org.gradle.internal.installation.CurrentGradleInstallation                      : loaded 2 times (x 72B)
Class org.gradle.internal.agents.InstrumentingClassLoader                             : loaded 2 times (x 69B)
Class org.gradle.internal.installation.CurrentGradleInstallationLocator               : loaded 2 times (x 70B)
Class org.gradle.api.internal.classpath.Module                                        : loaded 2 times (x 69B)
Class org.gradle.internal.service.CachingServiceLocator                               : loaded 2 times (x 81B)
Class org.gradle.internal.classpath.DefaultClassPath                                  : loaded 2 times (x 89B)
Class org.gradle.internal.classloader.SystemClassLoaderSpec                           : loaded 2 times (x 70B)
Class org.gradle.api.UncheckedIOException                                             : loaded 2 times (x 81B)
Class org.gradle.internal.classloader.ClasspathUtil                                   : loaded 2 times (x 70B)
Class org.gradle.api.internal.DefaultClassPathRegistry                                : loaded 2 times (x 75B)
Class org.gradle.api.internal.classpath.DefaultModuleRegistry$DefaultModule           : loaded 2 times (x 85B)
Class org.gradle.api.internal.classpath.UnknownModuleException                        : loaded 2 times (x 81B)
Class org.gradle.internal.service.ServiceLookupException                              : loaded 2 times (x 81B)
Class org.gradle.cache.GlobalCache                                                    : loaded 2 times (x 69B)
Class [Lorg.gradle.api.internal.ClassPathProvider;                                    : loaded 2 times (x 68B)
Class org.gradle.util.internal.GUtil                                                  : loaded 2 times (x 70B)
Class org.gradle.internal.classloader.ClassLoaderSpec                                 : loaded 2 times (x 70B)
Class org.gradle.internal.classloader.VisitableURLClassLoader                         : loaded 2 times (x 116B)
Class org.gradle.internal.Cast                                                        : loaded 2 times (x 70B)
Class org.gradle.api.internal.ClassPathRegistry                                       : loaded 2 times (x 69B)
Class org.gradle.internal.classloader.VisitableURLClassLoader$InstrumentingVisitableURLClassLoader: loaded 2 times (x 122B)
Class org.gradle.internal.classloader.ClassLoaderHierarchy                            : loaded 2 times (x 69B)
Class org.gradle.internal.InternalTransformer                                         : loaded 2 times (x 69B)
Class org.gradle.internal.service.ServiceLocator                                      : loaded 2 times (x 69B)
Class org.gradle.internal.classpath.DefaultClassPath$ImmutableUniqueList              : loaded 2 times (x 160B)
Class org.gradle.internal.classpath.TransformedClassPath                              : loaded 2 times (x 95B)


---------------  S Y S T E M  ---------------

OS:
DISTRIB_ID=Ubuntu
DISTRIB_RELEASE=24.04
DISTRIB_CODENAME=noble
DISTRIB_DESCRIPTION="Ubuntu 24.04.1 LTS"
uname: Linux 6.8.0-45-generic #45-Ubuntu SMP PREEMPT_DYNAMIC Fri Aug 30 12:02:04 UTC 2024 x86_64
OS uptime: 0 days 1:03 hours
libc: glibc 2.39 NPTL 2.39 
rlimit (soft/hard): STACK 8192k/infinity , CORE 0k/infinity , NPROC 63422/63422 , NOFILE 1048576/1048576 , AS infinity/infinity , CPU infinity/infinity , DATA infinity/infinity , FSIZE infinity/infinity , MEMLOCK 2038416k/2038416k
load average: 4.40 4.20 2.68

/proc/meminfo:
MemTotal:       16307332 kB
MemFree:          402164 kB
MemAvailable:    7452216 kB
Buffers:           91756 kB
Cached:          7606528 kB
SwapCached:            0 kB
Active:          8058900 kB
Inactive:        6940008 kB
Active(anon):    4676084 kB
Inactive(anon):  3135800 kB
Active(file):    3382816 kB
Inactive(file):  3804208 kB
Unevictable:         232 kB
Mlocked:             232 kB
SwapTotal:       2097148 kB
SwapFree:        2096380 kB
Zswap:                 0 kB
Zswapped:              0 kB
Dirty:             66932 kB
Writeback:             0 kB
AnonPages:       7301048 kB
Mapped:          4300112 kB
Shmem:            511252 kB
KReclaimable:     203760 kB
Slab:             458772 kB
SReclaimable:     203760 kB
SUnreclaim:       255012 kB
KernelStack:       27984 kB
PageTables:        70956 kB
SecPageTables:      4032 kB
NFS_Unstable:          0 kB
Bounce:                0 kB
WritebackTmp:          0 kB
CommitLimit:    10250812 kB
Committed_AS:   18118176 kB
VmallocTotal:   34359738367 kB
VmallocUsed:      121932 kB
VmallocChunk:          0 kB
Percpu:             7872 kB
HardwareCorrupted:     0 kB
AnonHugePages:      2048 kB
ShmemHugePages:        0 kB
ShmemPmdMapped:        0 kB
FileHugePages:         0 kB
FilePmdMapped:         0 kB
Unaccepted:            0 kB
HugePages_Total:       0
HugePages_Free:        0
HugePages_Rsvd:        0
HugePages_Surp:        0
Hugepagesize:       2048 kB
Hugetlb:               0 kB
DirectMap4k:      714232 kB
DirectMap2M:    11800576 kB
DirectMap1G:     4194304 kB

/sys/kernel/mm/transparent_hugepage/enabled: always [madvise] never
/sys/kernel/mm/transparent_hugepage/hpage_pmd_size: 2097152
/sys/kernel/mm/transparent_hugepage/defrag (defrag/compaction efforts parameter): always defer defer+madvise [madvise] never

Process Memory:
Virtual Size: 6345360K (peak: 6345644K)
Resident Set Size: 188452K (peak: 188452K) (anon: 158372K, file: 30080K, shmem: 0K)
Swapped out: 0K
C-Heap outstanding allocations: 82707K, retained: 9552K
glibc malloc tunables: (default)

/proc/sys/kernel/threads-max (system-wide limit on the number of threads): 126844
/proc/sys/vm/max_map_count (maximum number of memory map areas a process may have): 1048576
/proc/sys/kernel/pid_max (system-wide limit on number of process identifiers): 4194304

container (cgroup) information:
container_type: cgroupv2
cpu_cpuset_cpus: not supported
cpu_memory_nodes: not supported
active_processor_count: 8
cpu_quota: not supported
cpu_period: not supported
cpu_shares: not supported
memory_limit_in_bytes: unlimited
memory_and_swap_limit_in_bytes: unlimited
memory_soft_limit_in_bytes: unlimited
memory_usage_in_bytes: 9780564 k
memory_max_usage_in_bytes: not supported
memory_swap_current_in_bytes: unlimited
memory_swap_max_limit_in_bytes: unlimited
maximum number of tasks: 19026
current number of tasks: 380

Steal ticks since vm start: 0
Steal ticks percentage since vm start:  0.000

CPU: total 8 (initial active 8) (4 cores per cpu, 2 threads per core) family 6 model 158 stepping 9 microcode 0xf8, cx8, cmov, fxsr, ht, mmx, 3dnowpref, sse, sse2, sse3, ssse3, sse4.1, sse4.2, popcnt, lzcnt, tsc, tscinvbit, avx, avx2, aes, erms, clmul, bmi1, bmi2, adx, fma, vzeroupper, clflush, clflushopt
CPU Model and flags from /proc/cpuinfo:
model name	: Intel(R) Core(TM) i7-7700 CPU @ 3.60GHz
flags		: fpu vme de pse tsc msr pae mce cx8 apic sep mtrr pge mca cmov pat pse36 clflush dts acpi mmx fxsr sse sse2 ss ht tm pbe syscall nx pdpe1gb rdtscp lm constant_tsc art arch_perfmon pebs bts rep_good nopl xtopology nonstop_tsc cpuid aperfmperf pni pclmulqdq dtes64 monitor ds_cpl vmx smx est tm2 ssse3 sdbg fma cx16 xtpr pdcm pcid sse4_1 sse4_2 x2apic movbe popcnt tsc_deadline_timer aes xsave avx f16c rdrand lahf_lm abm 3dnowprefetch cpuid_fault epb pti ssbd ibrs ibpb stibp tpr_shadow flexpriority ept vpid ept_ad fsgsbase tsc_adjust bmi1 avx2 smep bmi2 erms invpcid mpx rdseed adx smap clflushopt intel_pt xsaveopt xsavec xgetbv1 xsaves dtherm ida arat pln pts hwp hwp_notify hwp_act_window hwp_epp vnmi md_clear flush_l1d arch_capabilities

Online cpus: 0-7
Offline cpus: 
BIOS frequency limitation: <Not Available>
Frequency switch latency (ns): 0
Available cpu frequencies: <Not Available>
Current governor: powersave
Core performance/turbo boost: <Not Available>

Memory: 4k page, physical 16307332k(402164k free), swap 2097148k(2096380k free)
Page Sizes: 4k

vm_info: OpenJDK 64-Bit Server VM (17.0.11+0-17.0.11b1207.24-11852314) for linux-amd64 JRE (17.0.11+0-17.0.11b1207.24-11852314), built on May 16 2024 19:57:42 by "androidbuild" with clang Android (11368308, +pgo, +bolt, +lto, +mlgo, based on r510928) Clang 18.0.0 (https://android.googlesource.com/toolchain/llvm-project 477610d4d0d988e69dbc3fae4fe86bff3f07f2b5)

END.
